2024-10-17 07:36:02,897 - INFO - 데이터셋 검증:
2024-10-17 07:36:02,898 - INFO - Train data shape: (4197, 60, 4231), (4177, 20, 4231)
2024-10-17 07:36:02,898 - INFO - Validation data shape: (21, 60, 4231), (1, 20, 4231)
2024-10-17 07:36:02,898 - INFO - Test data shape: (1618, 60, 4231), (1598, 20, 4231)
2024-10-17 07:36:02,898 - INFO - Train times length: 4197, Train times range: 2001-03-28 00:00:00 - 2017-11-30 00:00:00
2024-10-17 07:36:02,898 - INFO - Validation times length: 21, Validation times range: 2017-11-30 00:00:00 - 2017-12-29 00:00:00
2024-10-17 07:36:02,898 - INFO - Test times length: 1618, Test times range: 2018-03-28 00:00:00 - 2024-08-30 00:00:00
2024-10-17 07:41:43,138 - INFO - 데이터셋 검증:
2024-10-17 07:41:43,138 - INFO - Train data shape: (4197, 60, 4231), (4197, 20, 4231)
2024-10-17 07:41:43,138 - INFO - Validation data shape: (0,), (0,)
2024-10-17 07:41:43,138 - INFO - Test data shape: (1598, 60, 4231), (1598, 20, 4231)
2024-10-17 07:41:43,138 - INFO - Train times length: 4197, Train times range: 2001-04-26 00:00:00 - 2017-12-29 00:00:00
2024-10-17 07:43:29,369 - INFO - 데이터셋 검증:
2024-10-17 07:43:29,369 - INFO - Processed data shape: (5953, 4231)
2024-10-17 07:43:35,695 - ERROR - 데이터가 충분하지 않습니다. 날짜 범위를 확인하세요.
2024-10-17 07:43:35,695 - INFO - 데이터셋 생성 완료
2024-10-17 07:49:18,688 - INFO - Processed data shape: (5953, 4231)
2024-10-17 07:49:25,077 - INFO - Train data shape: (1202, 60, 4231), (1202, 20, 4231)
2024-10-17 07:49:25,077 - INFO - Validation data shape: (2917, 60, 4231), (2917, 20, 4231)
2024-10-17 07:49:25,077 - INFO - Test data shape: (1598, 60, 4231), (1598, 20, 4231)
2024-10-17 07:49:25,077 - INFO - Train times range: 2001-04-26 00:00:00 - 2006-02-07 00:00:00
2024-10-17 07:49:25,077 - INFO - Validation times range: 2006-06-01 00:00:00 - 2017-12-29 00:00:00
2024-10-17 07:49:25,077 - INFO - Test times range: 2018-04-26 00:00:00 - 2024-08-30 00:00:00
2024-10-17 08:20:02,334 - INFO - 데이터셋 생성 완료
