ERROR:yfinance:
1 Failed download:
ERROR:yfinance:['AAU']: YFTzMissingError('$%ticker%: possibly delisted; no timezone found')
ERROR:root:Error downloading data for ticker AAU: 'AAU'
ERROR:yfinance:
1 Failed download:
ERROR:yfinance:['AGE']: YFTzMissingError('$%ticker%: possibly delisted; no timezone found')
ERROR:root:No data for ticker AGE
ERROR:yfinance:
1 Failed download:
ERROR:yfinance:['AINC']: YFTzMissingError('$%ticker%: possibly delisted; no timezone found')
ERROR:root:No data for ticker AINC
ERROR:yfinance:
1 Failed download:
ERROR:yfinance:['AULT^D']: YFTzMissingError('$%ticker%: possibly delisted; no timezone found')
ERROR:root:No data for ticker AULT^D
ERROR:yfinance:
1 Failed download:
ERROR:yfinance:['AXIL']: YFPricesMissingError('$%ticker%: possibly delisted; no price data found  (1d 2000-01-01 -> 2023-12-31) (Yahoo error = "Data doesn\'t exist for startDate = 946702800, endDate = 1703998800")')
ERROR:root:No data for ticker AXIL
ERROR:yfinance:
1 Failed download:
ERROR:yfinance:['BCV^A']: YFTzMissingError('$%ticker%: possibly delisted; no timezone found')
ERROR:root:No data for ticker BCV^A
ERROR:yfinance:
1 Failed download:
ERROR:yfinance:['BLUA']: YFTzMissingError('$%ticker%: possibly delisted; no timezone found')
ERROR:root:No data for ticker BLUA
ERROR:yfinance:
1 Failed download:
ERROR:yfinance:['BITE']: YFTzMissingError('$%ticker%: possibly delisted; no timezone found')
ERROR:root:No data for ticker BITE
ERROR:yfinance:
1 Failed download:
ERROR:yfinance:['CEI']: YFTzMissingError('$%ticker%: possibly delisted; no timezone found')
ERROR:root:No data for ticker CEI
ERROR:yfinance:
1 Failed download:
ERROR:yfinance:['CHAA']: YFTzMissingError('$%ticker%: possibly delisted; no timezone found')
ERROR:root:No data for ticker CHAA
ERROR:yfinance:
1 Failed download:
ERROR:yfinance:['CHRO']: YFPricesMissingError('$%ticker%: possibly delisted; no price data found  (1d 2000-01-01 -> 2023-12-31) (Yahoo error = "Data doesn\'t exist for startDate = 946702800, endDate = 1703998800")')
ERROR:root:No data for ticker CHRO
ERROR:yfinance:
1 Failed download:
ERROR:yfinance:['DLA']: YFTzMissingError('$%ticker%: possibly delisted; no timezone found')
ERROR:root:No data for ticker DLA
ERROR:yfinance:
1 Failed download:
ERROR:yfinance:['DPSI']: YFTzMissingError('$%ticker%: possibly delisted; no timezone found')
ERROR:root:No data for ticker DPSI
ERROR:yfinance:
1 Failed download:
ERROR:yfinance:['ECF^A']: YFTzMissingError('$%ticker%: possibly delisted; no timezone found')
ERROR:root:No data for ticker ECF^A
ERROR:yfinance:
2 Failed downloads:
ERROR:yfinance:
2 Failed downloads:
ERROR:yfinance:['FGH', 'FEN']: YFTzMissingError('$%ticker%: possibly delisted; no timezone found')
ERROR:yfinance:['FGH', 'FEN']: YFTzMissingError('$%ticker%: possibly delisted; no timezone found')
ERROR:root:No data for ticker FGH
ERROR:root:No data for ticker FEN
ERROR:root:Error downloading data for ticker FURY: 'FSI'
ERROR:yfinance:
1 Failed download:
ERROR:yfinance:['GGN^B']: YFTzMissingError('$%ticker%: possibly delisted; no timezone found')
ERROR:root:No data for ticker GGN^B
ERROR:yfinance:
2 Failed downloads:
ERROR:yfinance:['GLU^B', 'GLU^A']: YFTzMissingError('$%ticker%: possibly delisted; no timezone found')
ERROR:root:No data for ticker GLU^A
ERROR:root:Error downloading data for ticker GLU^B: 'GLU^B'
ERROR:yfinance:
1 Failed download:
ERROR:yfinance:['HWM^']: YFTzMissingError('$%ticker%: possibly delisted; no timezone found')
ERROR:root:No data for ticker HWM^
ERROR:yfinance:
1 Failed download:
ERROR:yfinance:['KIQ']: YFTzMissingError('$%ticker%: possibly delisted; no timezone found')
ERROR:root:No data for ticker KIQ
ERROR:yfinance:
1 Failed download:
ERROR:yfinance:['MIMO']: YFTzMissingError('$%ticker%: possibly delisted; no timezone found')
ERROR:root:No data for ticker MIMO
ERROR:yfinance:
1 Failed download:
ERROR:yfinance:['PCG^A']: YFTzMissingError('$%ticker%: possibly delisted; no timezone found')
ERROR:root:No data for ticker PCG^A
ERROR:yfinance:
1 Failed download:
ERROR:yfinance:['PCG^E']: YFTzMissingError('$%ticker%: possibly delisted; no timezone found')
ERROR:root:No data for ticker PCG^E
ERROR:yfinance:
3 Failed downloads:
ERROR:yfinance:['PCG^B', 'PCG^C', 'PCG^D']: YFTzMissingError('$%ticker%: possibly delisted; no timezone found')
ERROR:root:No data for ticker PCG^B
ERROR:root:Error downloading data for ticker PCG^D: 'PCG^D'
ERROR:root:Error downloading data for ticker PCG^C: 'PCG^C'
ERROR:yfinance:
1 Failed download:
ERROR:yfinance:['PCG^G']: YFTzMissingError('$%ticker%: possibly delisted; no timezone found')
ERROR:root:No data for ticker PCG^G
ERROR:yfinance:
1 Failed download:
ERROR:yfinance:['PCG^H']: YFTzMissingError('$%ticker%: possibly delisted; no timezone found')
ERROR:root:No data for ticker PCG^H
ERROR:yfinance:
1 Failed download:
ERROR:yfinance:['PCG^I']: YFTzMissingError('$%ticker%: possibly delisted; no timezone found')
ERROR:root:No data for ticker PCG^I
ERROR:yfinance:
1 Failed download:
ERROR:yfinance:['POL']: YFTzMissingError('$%ticker%: possibly delisted; no timezone found')
ERROR:root:No data for ticker POL
ERROR:yfinance:
1 Failed download:
ERROR:yfinance:['PMNT']: YFPricesMissingError('$%ticker%: possibly delisted; no price data found  (1d 2000-01-01 -> 2023-12-31) (Yahoo error = "Data doesn\'t exist for startDate = 946702800, endDate = 1703998800")')
ERROR:root:No data for ticker PMNT
ERROR:yfinance:
1 Failed download:
ERROR:yfinance:['PW^A']: YFTzMissingError('$%ticker%: possibly delisted; no timezone found')
ERROR:root:No data for ticker PW^A
ERROR:yfinance:
1 Failed download:
ERROR:yfinance:['RHE^A']: YFTzMissingError('$%ticker%: possibly delisted; no timezone found')
ERROR:root:No data for ticker RHE^A
ERROR:yfinance:
1 Failed download:
ERROR:yfinance:['SACH^A']: YFTzMissingError('$%ticker%: possibly delisted; no timezone found')
ERROR:root:No data for ticker SACH^A
ERROR:yfinance:Failed to get ticker 'SDPI' reason: Response ended prematurely
ERROR:yfinance:
1 Failed download:
ERROR:yfinance:['SDPI']: YFTzMissingError('$%ticker%: possibly delisted; no timezone found')
ERROR:root:No data for ticker SDPI
ERROR:yfinance:
1 Failed download:
ERROR:yfinance:['SYNX']: YFPricesMissingError('$%ticker%: possibly delisted; no price data found  (1d 2000-01-01 -> 2023-12-31) (Yahoo error = "Data doesn\'t exist for startDate = 946702800, endDate = 1703998800")')
ERROR:root:No data for ticker SYNX
ERROR:yfinance:
1 Failed download:
ERROR:yfinance:['UMAC']: YFPricesMissingError('$%ticker%: possibly delisted; no price data found  (1d 2000-01-01 -> 2023-12-31) (Yahoo error = "Data doesn\'t exist for startDate = 946702800, endDate = 1703998800")')
ERROR:root:No data for ticker UMAC
ERROR:yfinance:
1 Failed download:
ERROR:yfinance:['VCXB']: YFTzMissingError('$%ticker%: possibly delisted; no timezone found')
ERROR:root:No data for ticker VCXB
ERROR:yfinance:
1 Failed download:
ERROR:yfinance:['WRAC']: YFTzMissingError('$%ticker%: possibly delisted; no timezone found')
ERROR:root:No data for ticker WRAC
ERROR:root:Error downloading data for ticker XTNT: dictionary changed size during iteration
ERROR:yfinance:
1 Failed download:
ERROR:yfinance:['YCBD^A']: YFTzMissingError('$%ticker%: possibly delisted; no timezone found')
ERROR:root:No data for ticker YCBD^A
ERROR:yfinance:
1 Failed download:
ERROR:yfinance:['YCBD^A']: YFTzMissingError('$%ticker%: possibly delisted; no timezone found')
ERROR:yfinance:
1 Failed download:
ERROR:yfinance:['YCBD^A']: YFTzMissingError('$%ticker%: possibly delisted; no timezone found')
ERROR:yfinance:
1 Failed download:
ERROR:yfinance:['YCBD^A']: YFTzMissingError('$%ticker%: possibly delisted; no timezone found')
ERROR:yfinance:
1 Failed download:
ERROR:yfinance:['ALUM']: YFPricesMissingError('$%ticker%: possibly delisted; no price data found  (1d 2000-01-01 -> 2023-12-31) (Yahoo error = "Data doesn\'t exist for startDate = 946702800, endDate = 1703998800")')
ERROR:root:No data for ticker ALUM
ERROR:yfinance:
1 Failed download:
ERROR:yfinance:['ARKB']: YFPricesMissingError('$%ticker%: possibly delisted; no price data found  (1d 2000-01-01 -> 2023-12-31) (Yahoo error = "Data doesn\'t exist for startDate = 946702800, endDate = 1703998800")')
ERROR:root:No data for ticker ARKB
ERROR:yfinance:
1 Failed download:
ERROR:yfinance:['ASIA']: YFPricesMissingError('$%ticker%: possibly delisted; no price data found  (1d 2000-01-01 -> 2023-12-31) (Yahoo error = "Data doesn\'t exist for startDate = 946702800, endDate = 1703998800")')
ERROR:root:No data for ticker ASIA
ERROR:yfinance:
1 Failed download:
ERROR:yfinance:['AVMC']: YFPricesMissingError('$%ticker%: possibly delisted; no price data found  (1d 2000-01-01 -> 2023-12-31) (Yahoo error = "Data doesn\'t exist for startDate = 946702800, endDate = 1703998800")')
ERROR:root:No data for ticker AVMC
ERROR:yfinance:
1 Failed download:
ERROR:yfinance:['BAMA']: YFPricesMissingError('$%ticker%: possibly delisted; no price data found  (1d 2000-01-01 -> 2023-12-31) (Yahoo error = "Data doesn\'t exist for startDate = 946702800, endDate = 1703998800")')
ERROR:root:No data for ticker BAMA
ERROR:yfinance:
3 Failed downloads:
ERROR:yfinance:['BAMD', 'BAMG', 'BAMO']: YFPricesMissingError('$%ticker%: possibly delisted; no price data found  (1d 2000-01-01 -> 2023-12-31) (Yahoo error = "Data doesn\'t exist for startDate = 946702800, endDate = 1703998800")')
ERROR:yfinance:
3 Failed downloads:
ERROR:root:No data for ticker BAMD
ERROR:yfinance:
3 Failed downloads:
ERROR:yfinance:['BAMD', 'BAMG', 'BAMO']: YFPricesMissingError('$%ticker%: possibly delisted; no price data found  (1d 2000-01-01 -> 2023-12-31) (Yahoo error = "Data doesn\'t exist for startDate = 946702800, endDate = 1703998800")')
ERROR:root:Error downloading data for ticker BAMO: 'BAMO'
ERROR:root:Error downloading data for ticker BAMG: 'BAMG'
ERROR:yfinance:
2 Failed downloads:
ERROR:yfinance:['BAMU', 'BAMV']: YFPricesMissingError('$%ticker%: possibly delisted; no price data found  (1d 2000-01-01 -> 2023-12-31) (Yahoo error = "Data doesn\'t exist for startDate = 946702800, endDate = 1703998800")')
ERROR:root:No data for ticker BAMU
ERROR:yfinance:
2 Failed downloads:
ERROR:root:Error downloading data for ticker BAMV: 'BAMV'
ERROR:yfinance:
1 Failed download:
ERROR:yfinance:['BAMY']: YFPricesMissingError('$%ticker%: possibly delisted; no price data found  (1d 2000-01-01 -> 2023-12-31) (Yahoo error = "Data doesn\'t exist for startDate = 946702800, endDate = 1703998800")')
ERROR:root:No data for ticker BAMY
ERROR:root:Error downloading data for ticker BIL: 'BIBL'
ERROR:yfinance:
1 Failed download:
ERROR:yfinance:['BITB']: YFPricesMissingError('$%ticker%: possibly delisted; no price data found  (1d 2000-01-01 -> 2023-12-31) (Yahoo error = "Data doesn\'t exist for startDate = 946702800, endDate = 1703998800")')
ERROR:root:No data for ticker BITB
ERROR:yfinance:
1 Failed download:
ERROR:yfinance:['NBCE']: YFPricesMissingError('$%ticker%: possibly delisted; no price data found  (1d 2000-01-01 -> 2023-12-31) (Yahoo error = "Data doesn\'t exist for startDate = 946702800, endDate = 1703998800")')
ERROR:root:No data for ticker NBCE
ERROR:yfinance:
1 Failed download:
ERROR:yfinance:['NDIA']: YFPricesMissingError('$%ticker%: possibly delisted; no price data found  (1d 2000-01-01 -> 2023-12-31) (Yahoo error = "Data doesn\'t exist for startDate = 946702800, endDate = 1703998800")')
ERROR:root:No data for ticker NDIA
ERROR:yfinance:
1 Failed download:
ERROR:yfinance:['BRAZ']: YFPricesMissingError('$%ticker%: possibly delisted; no price data found  (1d 2000-01-01 -> 2023-12-31) (Yahoo error = "Data doesn\'t exist for startDate = 946702800, endDate = 1703998800")')
ERROR:root:No data for ticker BRAZ
ERROR:yfinance:
1 Failed download:
ERROR:yfinance:['BRRR']: YFPricesMissingError('$%ticker%: possibly delisted; no price data found  (1d 2000-01-01 -> 2023-12-31) (Yahoo error = "Data doesn\'t exist for startDate = 946702800, endDate = 1703998800")')
ERROR:root:No data for ticker BRRR
ERROR:yfinance:
1 Failed download:
ERROR:yfinance:['BTCO', 'BTCW']: YFPricesMissingError('$%ticker%: possibly delisted; no price data found  (1d 2000-01-01 -> 2023-12-31) (Yahoo error = "Data doesn\'t exist for startDate = 946702800, endDate = 1703998800")')
ERROR:root:No data for ticker BTCO
ERROR:root:Error downloading data for ticker BTCW: 'BTCW'
ERROR:yfinance:
1 Failed download:
ERROR:yfinance:['CAML']: YFPricesMissingError('$%ticker%: possibly delisted; no price data found  (1d 2000-01-01 -> 2023-12-31) (Yahoo error = "Data doesn\'t exist for startDate = 946702800, endDate = 1703998800")')
ERROR:root:No data for ticker CAML
ERROR:yfinance:
1 Failed download:
ERROR:yfinance:['CARD']: YFPricesMissingError('$%ticker%: possibly delisted; no price data found  (1d 2000-01-01 -> 2023-12-31) (Yahoo error = "Data doesn\'t exist for startDate = 946702800, endDate = 1703998800")')
ERROR:root:No data for ticker CARD
ERROR:yfinance:
1 Failed download:
ERROR:yfinance:['CARU']: YFPricesMissingError('$%ticker%: possibly delisted; no price data found  (1d 2000-01-01 -> 2023-12-31) (Yahoo error = "Data doesn\'t exist for startDate = 946702800, endDate = 1703998800")')
ERROR:root:No data for ticker CARU
ERROR:root:Error downloading data for ticker CGBL: 'CFA'
ERROR:yfinance:
1 Failed download:
ERROR:yfinance:['CHPS']: YFPricesMissingError('$%ticker%: possibly delisted; no price data found  (1d 2000-01-01 -> 2023-12-31) (Yahoo error = "Data doesn\'t exist for startDate = 946702800, endDate = 1703998800")')
ERROR:root:No data for ticker CHPS
ERROR:root:Error downloading data for ticker PRNT: dictionary changed size during iteration
ERROR:root:Error downloading data for ticker PSC: 'PRN'
ERROR:yfinance:
1 Failed download:
ERROR:yfinance:['PSWD']: YFPricesMissingError('$%ticker%: possibly delisted; no price data found  (1d 2000-01-01 -> 2023-12-31) (Yahoo error = "Data doesn\'t exist for startDate = 946702800, endDate = 1703998800")')
ERROR:root:No data for ticker PSWD
ERROR:yfinance:
1 Failed download:
ERROR:yfinance:['CPLS']: YFPricesMissingError('$%ticker%: possibly delisted; no price data found  (1d 2000-01-01 -> 2023-12-31) (Yahoo error = "Data doesn\'t exist for startDate = 946702800, endDate = 1703998800")')
ERROR:root:No data for ticker CPLS
ERROR:yfinance:
1 Failed download:
ERROR:yfinance:['CSMD']: YFPricesMissingError('$%ticker%: possibly delisted; no price data found  (1d 2000-01-01 -> 2023-12-31) (Yahoo error = "Data doesn\'t exist for startDate = 946702800, endDate = 1703998800")')
ERROR:root:No data for ticker CSMD
ERROR:yfinance:
1 Failed download:
ERROR:yfinance:['CZAR']: YFPricesMissingError('$%ticker%: possibly delisted; no price data found  (1d 2000-01-01 -> 2023-12-31) (Yahoo error = "Data doesn\'t exist for startDate = 946702800, endDate = 1703998800")')
ERROR:root:No data for ticker CZAR
ERROR:yfinance:
1 Failed download:
ERROR:yfinance:['DESK']: YFPricesMissingError('$%ticker%: possibly delisted; no price data found  (1d 2000-01-01 -> 2023-12-31) (Yahoo error = "Data doesn\'t exist for startDate = 946702800, endDate = 1703998800")')
ERROR:root:No data for ticker DESK
ERROR:yfinance:
1 Failed download:
ERROR:yfinance:['DSTX']: YFPricesMissingError('$%ticker%: possibly delisted; no price data found  (1d 2000-01-01 -> 2023-12-31) (Yahoo error = "Data doesn\'t exist for startDate = 946702800, endDate = 1703998800")')
ERROR:root:No data for ticker DSTX
ERROR:root:Error downloading data for ticker RHRX: dictionary changed size during iteration
