Configuration: {'START': '2001-01-01', 'END': '2024-09-01', 'N_STOCK': 50, 'LEN_DATA': 5000, 'TRAIN_LEN': 60, 'PRED_LEN': 20, 'TRAIN_RATIO': 0.7, 'RESULT_DIR': 'result/GRU_False_equal_risk_parity_60_20', 'MODELS': ['GRU', 'TCN', 'TRANSFORMER'], 'MULTIMODAL_OPTIONS': [False], 'LOSS_FUNCTIONS': ['max_sharpe', 'equal_risk_parity', 'mean_variance'], 'TRAIN_LEN_OPTIONS': [60], 'PRED_LEN_OPTIONS': [20], 'SEED': 42, 'BATCH': 32, 'EPOCHS': 500, 'EARLY_STOP': 20, 'MIN_DELTA': 0.0001, 'LR': 0.005, 'MOMENTUM': 0.9, 'USE_CUDA': True, 'LB': 0, 'UB': 0.2, 'N_FEAT': 50, 'BETA': 0.2, 'LOSS_FUNCTION': 'equal_risk_parity', 'TCN': {'n_output': 50, 'kernel_size': 4, 'n_dropout': 0.1, 'n_timestep': 60, 'hidden_size': 64, 'level': 3}, 'GRU': {'n_layers': 1, 'hidden_dim': 128, 'dropout_p': 0.3, 'bidirectional': False}, 'TRANSFORMER': {'n_timestep': 60, 'n_layer': 6, 'n_head': 5, 'n_dropout': 0.1, 'n_output': 50}, 'MODEL': 'GRU', 'MULTIMODAL': False}
Model Path: result/GRU_False_equal_risk_parity_60_20/models/best_model_epoch_307_loss_0.0057.pth
Loading test data...
Weights saved to result/GRU_False_equal_risk_parity_60_20/weights_GRU_False_equal_risk_parity_60_20.npy
Configuration: {'START': '2001-01-01', 'END': '2024-09-01', 'N_STOCK': 50, 'LEN_DATA': 5000, 'TRAIN_LEN': 60, 'PRED_LEN': 20, 'TRAIN_RATIO': 0.7, 'RESULT_DIR': 'result/GRU_False_mean_variance_60_20', 'MODELS': ['GRU', 'TCN', 'TRANSFORMER'], 'MULTIMODAL_OPTIONS': [False], 'LOSS_FUNCTIONS': ['max_sharpe', 'equal_risk_parity', 'mean_variance'], 'TRAIN_LEN_OPTIONS': [60], 'PRED_LEN_OPTIONS': [20], 'SEED': 42, 'BATCH': 32, 'EPOCHS': 500, 'EARLY_STOP': 20, 'MIN_DELTA': 0.0001, 'LR': 0.005, 'MOMENTUM': 0.9, 'USE_CUDA': True, 'LB': 0, 'UB': 0.2, 'N_FEAT': 50, 'BETA': 0.2, 'LOSS_FUNCTION': 'mean_variance', 'TCN': {'n_output': 50, 'kernel_size': 4, 'n_dropout': 0.1, 'n_timestep': 60, 'hidden_size': 64, 'level': 3}, 'GRU': {'n_layers': 1, 'hidden_dim': 128, 'dropout_p': 0.3, 'bidirectional': False}, 'TRANSFORMER': {'n_timestep': 60, 'n_layer': 6, 'n_head': 5, 'n_dropout': 0.1, 'n_output': 50}, 'MODEL': 'GRU', 'MULTIMODAL': False}
Model Path: result/GRU_False_mean_variance_60_20/models/best_model_epoch_117_loss_0.0340.pth
Loading test data...
Weights saved to result/GRU_False_mean_variance_60_20/weights_GRU_False_mean_variance_60_20.npy
Configuration: {'START': '2001-01-01', 'END': '2024-09-01', 'N_STOCK': 50, 'LEN_DATA': 5000, 'TRAIN_LEN': 60, 'PRED_LEN': 20, 'TRAIN_RATIO': 0.7, 'RESULT_DIR': 'result/TCN_False_max_sharpe_60_20', 'MODELS': ['GRU', 'TCN', 'TRANSFORMER'], 'MULTIMODAL_OPTIONS': [False], 'LOSS_FUNCTIONS': ['max_sharpe', 'equal_risk_parity', 'mean_variance'], 'TRAIN_LEN_OPTIONS': [60], 'PRED_LEN_OPTIONS': [20], 'SEED': 42, 'BATCH': 32, 'EPOCHS': 500, 'EARLY_STOP': 20, 'MIN_DELTA': 0.0001, 'LR': 0.005, 'MOMENTUM': 0.9, 'USE_CUDA': True, 'LB': 0, 'UB': 0.2, 'N_FEAT': 50, 'BETA': 0.2, 'LOSS_FUNCTION': 'max_sharpe', 'TCN': {'n_output': 50, 'kernel_size': 4, 'n_dropout': 0.1, 'n_timestep': 60, 'hidden_size': 64, 'level': 3}, 'GRU': {'n_layers': 1, 'hidden_dim': 128, 'dropout_p': 0.3, 'bidirectional': False}, 'TRANSFORMER': {'n_timestep': 60, 'n_layer': 6, 'n_head': 5, 'n_dropout': 0.1, 'n_output': 50}, 'MODEL': 'TCN', 'MULTIMODAL': False}
Model Path: result/TCN_False_max_sharpe_60_20/models/best_model_epoch_12_loss_-0.3919.pth
Loading test data...
Weights saved to result/TCN_False_max_sharpe_60_20/weights_TCN_False_max_sharpe_60_20.npy
Configuration: {'START': '2001-01-01', 'END': '2024-09-01', 'N_STOCK': 50, 'LEN_DATA': 5000, 'TRAIN_LEN': 60, 'PRED_LEN': 20, 'TRAIN_RATIO': 0.7, 'RESULT_DIR': 'result/TCN_False_equal_risk_parity_60_20', 'MODELS': ['GRU', 'TCN', 'TRANSFORMER'], 'MULTIMODAL_OPTIONS': [False], 'LOSS_FUNCTIONS': ['max_sharpe', 'equal_risk_parity', 'mean_variance'], 'TRAIN_LEN_OPTIONS': [60], 'PRED_LEN_OPTIONS': [20], 'SEED': 42, 'BATCH': 32, 'EPOCHS': 500, 'EARLY_STOP': 20, 'MIN_DELTA': 0.0001, 'LR': 0.005, 'MOMENTUM': 0.9, 'USE_CUDA': True, 'LB': 0, 'UB': 0.2, 'N_FEAT': 50, 'BETA': 0.2, 'LOSS_FUNCTION': 'equal_risk_parity', 'TCN': {'n_output': 50, 'kernel_size': 4, 'n_dropout': 0.1, 'n_timestep': 60, 'hidden_size': 64, 'level': 3}, 'GRU': {'n_layers': 1, 'hidden_dim': 128, 'dropout_p': 0.3, 'bidirectional': False}, 'TRANSFORMER': {'n_timestep': 60, 'n_layer': 6, 'n_head': 5, 'n_dropout': 0.1, 'n_output': 50}, 'MODEL': 'TCN', 'MULTIMODAL': False}
Model Path: result/TCN_False_equal_risk_parity_60_20/models/best_model_epoch_386_loss_0.0057.pth
Loading test data...
Weights saved to result/TCN_False_equal_risk_parity_60_20/weights_TCN_False_equal_risk_parity_60_20.npy
Configuration: {'START': '2001-01-01', 'END': '2024-09-01', 'N_STOCK': 50, 'LEN_DATA': 5000, 'TRAIN_LEN': 60, 'PRED_LEN': 20, 'TRAIN_RATIO': 0.7, 'RESULT_DIR': 'result/TCN_False_mean_variance_60_20', 'MODELS': ['GRU', 'TCN', 'TRANSFORMER'], 'MULTIMODAL_OPTIONS': [False], 'LOSS_FUNCTIONS': ['max_sharpe', 'equal_risk_parity', 'mean_variance'], 'TRAIN_LEN_OPTIONS': [60], 'PRED_LEN_OPTIONS': [20], 'SEED': 42, 'BATCH': 32, 'EPOCHS': 500, 'EARLY_STOP': 20, 'MIN_DELTA': 0.0001, 'LR': 0.005, 'MOMENTUM': 0.9, 'USE_CUDA': True, 'LB': 0, 'UB': 0.2, 'N_FEAT': 50, 'BETA': 0.2, 'LOSS_FUNCTION': 'mean_variance', 'TCN': {'n_output': 50, 'kernel_size': 4, 'n_dropout': 0.1, 'n_timestep': 60, 'hidden_size': 64, 'level': 3}, 'GRU': {'n_layers': 1, 'hidden_dim': 128, 'dropout_p': 0.3, 'bidirectional': False}, 'TRANSFORMER': {'n_timestep': 60, 'n_layer': 6, 'n_head': 5, 'n_dropout': 0.1, 'n_output': 50}, 'MODEL': 'TCN', 'MULTIMODAL': False}
Model Path: result/TCN_False_mean_variance_60_20/models/best_model_epoch_1_loss_0.0488.pth
Loading test data...
Weights saved to result/TCN_False_mean_variance_60_20/weights_TCN_False_mean_variance_60_20.npy
Configuration: {'START': '2001-01-01', 'END': '2024-09-01', 'N_STOCK': 50, 'LEN_DATA': 5000, 'TRAIN_LEN': 60, 'PRED_LEN': 20, 'TRAIN_RATIO': 0.7, 'RESULT_DIR': 'result/GRU_False_equal_risk_parity_60_20', 'MODELS': ['GRU', 'TCN', 'TRANSFORMER'], 'MULTIMODAL_OPTIONS': [False], 'LOSS_FUNCTIONS': ['max_sharpe', 'equal_risk_parity', 'mean_variance'], 'TRAIN_LEN_OPTIONS': [60], 'PRED_LEN_OPTIONS': [20], 'SEED': 42, 'BATCH': 32, 'EPOCHS': 500, 'EARLY_STOP': 20, 'MIN_DELTA': 0.0001, 'LR': 0.005, 'MOMENTUM': 0.9, 'USE_CUDA': True, 'LB': 0, 'UB': 0.2, 'N_FEAT': 50, 'BETA': 0.2, 'LOSS_FUNCTION': 'equal_risk_parity', 'TCN': {'n_output': 50, 'kernel_size': 4, 'n_dropout': 0.1, 'n_timestep': 60, 'hidden_size': 64, 'level': 3}, 'GRU': {'n_layers': 1, 'hidden_dim': 128, 'dropout_p': 0.3, 'bidirectional': False}, 'TRANSFORMER': {'n_timestep': 60, 'n_layer': 6, 'n_head': 5, 'n_dropout': 0.1, 'n_output': 50}, 'MODEL': 'GRU', 'MULTIMODAL': False}
Model Path: result/GRU_False_equal_risk_parity_60_20/models/best_model_epoch_307_loss_0.0057.pth
Loading test data...
Weights saved to result/GRU_False_equal_risk_parity_60_20/weights_GRU_False_equal_risk_parity_60_20.npy
Configuration: {'START': '2001-01-01', 'END': '2024-09-01', 'N_STOCK': 50, 'LEN_DATA': 5000, 'TRAIN_LEN': 60, 'PRED_LEN': 20, 'TRAIN_RATIO': 0.7, 'RESULT_DIR': 'result/GRU_False_mean_variance_60_20', 'MODELS': ['GRU', 'TCN', 'TRANSFORMER'], 'MULTIMODAL_OPTIONS': [False], 'LOSS_FUNCTIONS': ['max_sharpe', 'equal_risk_parity', 'mean_variance'], 'TRAIN_LEN_OPTIONS': [60], 'PRED_LEN_OPTIONS': [20], 'SEED': 42, 'BATCH': 32, 'EPOCHS': 500, 'EARLY_STOP': 20, 'MIN_DELTA': 0.0001, 'LR': 0.005, 'MOMENTUM': 0.9, 'USE_CUDA': True, 'LB': 0, 'UB': 0.2, 'N_FEAT': 50, 'BETA': 0.2, 'LOSS_FUNCTION': 'mean_variance', 'TCN': {'n_output': 50, 'kernel_size': 4, 'n_dropout': 0.1, 'n_timestep': 60, 'hidden_size': 64, 'level': 3}, 'GRU': {'n_layers': 1, 'hidden_dim': 128, 'dropout_p': 0.3, 'bidirectional': False}, 'TRANSFORMER': {'n_timestep': 60, 'n_layer': 6, 'n_head': 5, 'n_dropout': 0.1, 'n_output': 50}, 'MODEL': 'GRU', 'MULTIMODAL': False}
Model Path: result/GRU_False_mean_variance_60_20/models/best_model_epoch_117_loss_0.0340.pth
Loading test data...
Weights saved to result/GRU_False_mean_variance_60_20/weights_GRU_False_mean_variance_60_20.npy
Configuration: {'START': '2001-01-01', 'END': '2024-09-01', 'N_STOCK': 50, 'LEN_DATA': 5000, 'TRAIN_LEN': 60, 'PRED_LEN': 20, 'TRAIN_RATIO': 0.7, 'RESULT_DIR': 'result/TCN_False_max_sharpe_60_20', 'MODELS': ['GRU', 'TCN', 'TRANSFORMER'], 'MULTIMODAL_OPTIONS': [False], 'LOSS_FUNCTIONS': ['max_sharpe', 'equal_risk_parity', 'mean_variance'], 'TRAIN_LEN_OPTIONS': [60], 'PRED_LEN_OPTIONS': [20], 'SEED': 42, 'BATCH': 32, 'EPOCHS': 500, 'EARLY_STOP': 20, 'MIN_DELTA': 0.0001, 'LR': 0.005, 'MOMENTUM': 0.9, 'USE_CUDA': True, 'LB': 0, 'UB': 0.2, 'N_FEAT': 50, 'BETA': 0.2, 'LOSS_FUNCTION': 'max_sharpe', 'TCN': {'n_output': 50, 'kernel_size': 4, 'n_dropout': 0.1, 'n_timestep': 60, 'hidden_size': 64, 'level': 3}, 'GRU': {'n_layers': 1, 'hidden_dim': 128, 'dropout_p': 0.3, 'bidirectional': False}, 'TRANSFORMER': {'n_timestep': 60, 'n_layer': 6, 'n_head': 5, 'n_dropout': 0.1, 'n_output': 50}, 'MODEL': 'TCN', 'MULTIMODAL': False}
Model Path: result/TCN_False_max_sharpe_60_20/models/best_model_epoch_12_loss_-0.3919.pth
Loading test data...
Weights saved to result/TCN_False_max_sharpe_60_20/weights_TCN_False_max_sharpe_60_20.npy
Configuration: {'START': '2001-01-01', 'END': '2024-09-01', 'N_STOCK': 50, 'LEN_DATA': 5000, 'TRAIN_LEN': 60, 'PRED_LEN': 20, 'TRAIN_RATIO': 0.7, 'RESULT_DIR': 'result/TCN_False_equal_risk_parity_60_20', 'MODELS': ['GRU', 'TCN', 'TRANSFORMER'], 'MULTIMODAL_OPTIONS': [False], 'LOSS_FUNCTIONS': ['max_sharpe', 'equal_risk_parity', 'mean_variance'], 'TRAIN_LEN_OPTIONS': [60], 'PRED_LEN_OPTIONS': [20], 'SEED': 42, 'BATCH': 32, 'EPOCHS': 500, 'EARLY_STOP': 20, 'MIN_DELTA': 0.0001, 'LR': 0.005, 'MOMENTUM': 0.9, 'USE_CUDA': True, 'LB': 0, 'UB': 0.2, 'N_FEAT': 50, 'BETA': 0.2, 'LOSS_FUNCTION': 'equal_risk_parity', 'TCN': {'n_output': 50, 'kernel_size': 4, 'n_dropout': 0.1, 'n_timestep': 60, 'hidden_size': 64, 'level': 3}, 'GRU': {'n_layers': 1, 'hidden_dim': 128, 'dropout_p': 0.3, 'bidirectional': False}, 'TRANSFORMER': {'n_timestep': 60, 'n_layer': 6, 'n_head': 5, 'n_dropout': 0.1, 'n_output': 50}, 'MODEL': 'TCN', 'MULTIMODAL': False}
Model Path: result/TCN_False_equal_risk_parity_60_20/models/best_model_epoch_386_loss_0.0057.pth
Loading test data...
Weights saved to result/TCN_False_equal_risk_parity_60_20/weights_TCN_False_equal_risk_parity_60_20.npy
Configuration: {'START': '2001-01-01', 'END': '2024-09-01', 'N_STOCK': 50, 'LEN_DATA': 5000, 'TRAIN_LEN': 60, 'PRED_LEN': 20, 'TRAIN_RATIO': 0.7, 'RESULT_DIR': 'result/GRU_False_equal_risk_parity_60_20', 'MODELS': ['GRU', 'TCN', 'TRANSFORMER'], 'MULTIMODAL_OPTIONS': [False], 'LOSS_FUNCTIONS': ['max_sharpe', 'equal_risk_parity', 'mean_variance'], 'TRAIN_LEN_OPTIONS': [60], 'PRED_LEN_OPTIONS': [20], 'SEED': 42, 'BATCH': 32, 'EPOCHS': 500, 'EARLY_STOP': 20, 'MIN_DELTA': 0.0001, 'LR': 0.005, 'MOMENTUM': 0.9, 'USE_CUDA': True, 'LB': 0, 'UB': 0.2, 'N_FEAT': 50, 'BETA': 0.2, 'LOSS_FUNCTION': 'equal_risk_parity', 'TCN': {'n_output': 50, 'kernel_size': 4, 'n_dropout': 0.1, 'n_timestep': 60, 'hidden_size': 64, 'level': 3}, 'GRU': {'n_layers': 1, 'hidden_dim': 128, 'dropout_p': 0.3, 'bidirectional': False}, 'TRANSFORMER': {'n_timestep': 60, 'n_layer': 6, 'n_head': 5, 'n_dropout': 0.1, 'n_output': 50}, 'MODEL': 'GRU', 'MULTIMODAL': False}
Model Path: result/GRU_False_equal_risk_parity_60_20/models/best_model_epoch_307_loss_0.0057.pth
Loading test data...
Weights saved to result/GRU_False_equal_risk_parity_60_20/weights_GRU_False_equal_risk_parity_60_20.npy
Configuration: {'START': '2001-01-01', 'END': '2024-09-01', 'N_STOCK': 50, 'LEN_DATA': 5000, 'TRAIN_LEN': 60, 'PRED_LEN': 20, 'TRAIN_RATIO': 0.7, 'RESULT_DIR': 'result/GRU_False_mean_variance_60_20', 'MODELS': ['GRU', 'TCN', 'TRANSFORMER'], 'MULTIMODAL_OPTIONS': [False], 'LOSS_FUNCTIONS': ['max_sharpe', 'equal_risk_parity', 'mean_variance'], 'TRAIN_LEN_OPTIONS': [60], 'PRED_LEN_OPTIONS': [20], 'SEED': 42, 'BATCH': 32, 'EPOCHS': 500, 'EARLY_STOP': 20, 'MIN_DELTA': 0.0001, 'LR': 0.005, 'MOMENTUM': 0.9, 'USE_CUDA': True, 'LB': 0, 'UB': 0.2, 'N_FEAT': 50, 'BETA': 0.2, 'LOSS_FUNCTION': 'mean_variance', 'TCN': {'n_output': 50, 'kernel_size': 4, 'n_dropout': 0.1, 'n_timestep': 60, 'hidden_size': 64, 'level': 3}, 'GRU': {'n_layers': 1, 'hidden_dim': 128, 'dropout_p': 0.3, 'bidirectional': False}, 'TRANSFORMER': {'n_timestep': 60, 'n_layer': 6, 'n_head': 5, 'n_dropout': 0.1, 'n_output': 50}, 'MODEL': 'GRU', 'MULTIMODAL': False}
Model Path: result/GRU_False_mean_variance_60_20/models/best_model_epoch_117_loss_0.0340.pth
Loading test data...
Weights saved to result/GRU_False_mean_variance_60_20/weights_GRU_False_mean_variance_60_20.npy
Configuration: {'START': '2001-01-01', 'END': '2024-09-01', 'N_STOCK': 50, 'LEN_DATA': 5000, 'TRAIN_LEN': 60, 'PRED_LEN': 20, 'TRAIN_RATIO': 0.7, 'RESULT_DIR': 'result/TCN_False_max_sharpe_60_20', 'MODELS': ['GRU', 'TCN', 'TRANSFORMER'], 'MULTIMODAL_OPTIONS': [False], 'LOSS_FUNCTIONS': ['max_sharpe', 'equal_risk_parity', 'mean_variance'], 'TRAIN_LEN_OPTIONS': [60], 'PRED_LEN_OPTIONS': [20], 'SEED': 42, 'BATCH': 32, 'EPOCHS': 500, 'EARLY_STOP': 20, 'MIN_DELTA': 0.0001, 'LR': 0.005, 'MOMENTUM': 0.9, 'USE_CUDA': True, 'LB': 0, 'UB': 0.2, 'N_FEAT': 50, 'BETA': 0.2, 'LOSS_FUNCTION': 'max_sharpe', 'TCN': {'n_output': 50, 'kernel_size': 4, 'n_dropout': 0.1, 'n_timestep': 60, 'hidden_size': 64, 'level': 3}, 'GRU': {'n_layers': 1, 'hidden_dim': 128, 'dropout_p': 0.3, 'bidirectional': False}, 'TRANSFORMER': {'n_timestep': 60, 'n_layer': 6, 'n_head': 5, 'n_dropout': 0.1, 'n_output': 50}, 'MODEL': 'TCN', 'MULTIMODAL': False}
Model Path: result/TCN_False_max_sharpe_60_20/models/best_model_epoch_12_loss_-0.3919.pth
Loading test data...
