Configuration: {'START': '2001-01-01', 'END': '2024-09-01', 'N_STOCK': 50, 'LEN_DATA': 5000, 'TRAIN_LEN': 60, 'PRED_LEN': 20, 'TRAIN_RATIO': 0.7, 'RESULT_DIR': 'result/TCN_False_max_sharpe_60_20', 'MODELS': ['GRU', 'TCN', 'TRANSFORMER'], 'MULTIMODAL_OPTIONS': [False], 'LOSS_FUNCTIONS': ['max_sharpe', 'equal_risk_parity', 'mean_variance'], 'TRAIN_LEN_OPTIONS': [60], 'PRED_LEN_OPTIONS': [20], 'SEED': 42, 'BATCH': 32, 'EPOCHS': 500, 'EARLY_STOP': 20, 'LR': 0.005, 'MOMENTUM': 0.9, 'USE_CUDA': True, 'LB': 0, 'UB': 0.2, 'N_FEAT': 50, 'BETA': 0.2, 'LOSS_FUNCTION': 'max_sharpe', 'TCN': {'n_output': 50, 'kernel_size': 4, 'n_dropout': 0.1, 'n_timestep': 60, 'hidden_size': 64, 'level': 3}, 'GRU': {'n_layers': 1, 'hidden_dim': 128, 'dropout_p': 0.3, 'bidirectional': False}, 'TRANSFORMER': {'n_timestep': 60, 'n_layer': 6, 'n_head': 5, 'n_dropout': 0.1, 'n_output': 50}, 'MODEL': 'TCN', 'MULTIMODAL': False}
Model: tcn, Multimodal: False, Loss Function: max_sharpe
Loading and processing data...
Epoch 1/500, Training Loss: -0.339280
Epoch 1/500, Validation Loss: -0.340548
Best model saved to result/TCN_False_max_sharpe_60_20/models/tcn_False/best_model_epoch_1_loss_-0.3405.pth
Epoch 2/500, Training Loss: -0.343501
Epoch 2/500, Validation Loss: -0.342762
Best model saved to result/TCN_False_max_sharpe_60_20/models/tcn_False/best_model_epoch_2_loss_-0.3428.pth
Epoch 3/500, Training Loss: -0.347247
Epoch 3/500, Validation Loss: -0.344819
Best model saved to result/TCN_False_max_sharpe_60_20/models/tcn_False/best_model_epoch_3_loss_-0.3448.pth
Epoch 4/500, Training Loss: -0.351182
Epoch 4/500, Validation Loss: -0.347316
Best model saved to result/TCN_False_max_sharpe_60_20/models/tcn_False/best_model_epoch_4_loss_-0.3473.pth
Epoch 5/500, Training Loss: -0.356635
Epoch 5/500, Validation Loss: -0.350536
Best model saved to result/TCN_False_max_sharpe_60_20/models/tcn_False/best_model_epoch_5_loss_-0.3505.pth
Epoch 6/500, Training Loss: -0.363580
Epoch 6/500, Validation Loss: -0.355590
Best model saved to result/TCN_False_max_sharpe_60_20/models/tcn_False/best_model_epoch_6_loss_-0.3556.pth
Epoch 7/500, Training Loss: -0.376746
Epoch 7/500, Validation Loss: -0.367663
Best model saved to result/TCN_False_max_sharpe_60_20/models/tcn_False/best_model_epoch_7_loss_-0.3677.pth
Epoch 8/500, Training Loss: -0.404952
Epoch 8/500, Validation Loss: -0.385758
Best model saved to result/TCN_False_max_sharpe_60_20/models/tcn_False/best_model_epoch_8_loss_-0.3858.pth
Epoch 9/500, Training Loss: -0.417797
Epoch 9/500, Validation Loss: -0.388337
Best model saved to result/TCN_False_max_sharpe_60_20/models/tcn_False/best_model_epoch_9_loss_-0.3883.pth
Epoch 10/500, Training Loss: -0.422629
Epoch 10/500, Validation Loss: -0.389242
Best model saved to result/TCN_False_max_sharpe_60_20/models/tcn_False/best_model_epoch_10_loss_-0.3892.pth
Epoch 11/500, Training Loss: -0.428437
Epoch 11/500, Validation Loss: -0.387515
Epoch 12/500, Training Loss: -0.432589
Epoch 12/500, Validation Loss: -0.391913
Best model saved to result/TCN_False_max_sharpe_60_20/models/tcn_False/best_model_epoch_12_loss_-0.3919.pth
Epoch 13/500, Training Loss: -0.438572
Epoch 13/500, Validation Loss: -0.391158
Epoch 14/500, Training Loss: -0.440314
Epoch 14/500, Validation Loss: -0.389518
Epoch 15/500, Training Loss: -0.441432
Epoch 15/500, Validation Loss: -0.390767
Epoch 16/500, Training Loss: -0.441707
Epoch 16/500, Validation Loss: -0.390491
Epoch 17/500, Training Loss: -0.442537
Epoch 17/500, Validation Loss: -0.388618
Epoch 18/500, Training Loss: -0.444400
Epoch 18/500, Validation Loss: -0.386539
Epoch 19/500, Training Loss: -0.445831
Epoch 19/500, Validation Loss: -0.385531
Epoch 20/500, Training Loss: -0.445904
Epoch 20/500, Validation Loss: -0.386731
Epoch 21/500, Training Loss: -0.447218
Epoch 21/500, Validation Loss: -0.384309
Epoch 22/500, Training Loss: -0.448292
Epoch 22/500, Validation Loss: -0.386227
Epoch 23/500, Training Loss: -0.447738
Epoch 23/500, Validation Loss: -0.384038
Epoch 24/500, Training Loss: -0.451007
Epoch 24/500, Validation Loss: -0.383418
Epoch 25/500, Training Loss: -0.452074
Epoch 25/500, Validation Loss: -0.386721
Epoch 26/500, Training Loss: -0.455256
Epoch 26/500, Validation Loss: -0.386448
Epoch 27/500, Training Loss: -0.455818
Epoch 27/500, Validation Loss: -0.384547
Epoch 28/500, Training Loss: -0.457718
Epoch 28/500, Validation Loss: -0.381048
Epoch 29/500, Training Loss: -0.461542
Epoch 29/500, Validation Loss: -0.382970
Epoch 30/500, Training Loss: -0.464176
Epoch 30/500, Validation Loss: -0.380031
Epoch 31/500, Training Loss: -0.466906
Epoch 31/500, Validation Loss: -0.381562
Epoch 32/500, Training Loss: -0.470482
Epoch 32/500, Validation Loss: -0.381126
Early stopping at epoch 32
Configuration: {'START': '2001-01-01', 'END': '2024-09-01', 'N_STOCK': 50, 'LEN_DATA': 5000, 'TRAIN_LEN': 60, 'PRED_LEN': 20, 'TRAIN_RATIO': 0.7, 'RESULT_DIR': 'result/TCN_False_equal_risk_parity_60_20', 'MODELS': ['GRU', 'TCN', 'TRANSFORMER'], 'MULTIMODAL_OPTIONS': [False], 'LOSS_FUNCTIONS': ['max_sharpe', 'equal_risk_parity', 'mean_variance'], 'TRAIN_LEN_OPTIONS': [60], 'PRED_LEN_OPTIONS': [20], 'SEED': 42, 'BATCH': 32, 'EPOCHS': 500, 'EARLY_STOP': 20, 'LR': 0.005, 'MOMENTUM': 0.9, 'USE_CUDA': True, 'LB': 0, 'UB': 0.2, 'N_FEAT': 50, 'BETA': 0.2, 'LOSS_FUNCTION': 'equal_risk_parity', 'TCN': {'n_output': 50, 'kernel_size': 4, 'n_dropout': 0.1, 'n_timestep': 60, 'hidden_size': 64, 'level': 3}, 'GRU': {'n_layers': 1, 'hidden_dim': 128, 'dropout_p': 0.3, 'bidirectional': False}, 'TRANSFORMER': {'n_timestep': 60, 'n_layer': 6, 'n_head': 5, 'n_dropout': 0.1, 'n_output': 50}, 'MODEL': 'TCN', 'MULTIMODAL': False}
Model: tcn, Multimodal: False, Loss Function: equal_risk_parity
Loading and processing data...
Epoch 1/500, Training Loss: 0.006999
Epoch 1/500, Validation Loss: 0.007566
Best model saved to result/TCN_False_equal_risk_parity_60_20/models/tcn_False/best_model_epoch_1_loss_0.0076.pth
Epoch 2/500, Training Loss: 0.006901
Epoch 2/500, Validation Loss: 0.007494
Best model saved to result/TCN_False_equal_risk_parity_60_20/models/tcn_False/best_model_epoch_2_loss_0.0075.pth
Epoch 3/500, Training Loss: 0.006816
Epoch 3/500, Validation Loss: 0.007428
Best model saved to result/TCN_False_equal_risk_parity_60_20/models/tcn_False/best_model_epoch_3_loss_0.0074.pth
Epoch 4/500, Training Loss: 0.006732
Epoch 4/500, Validation Loss: 0.007367
Best model saved to result/TCN_False_equal_risk_parity_60_20/models/tcn_False/best_model_epoch_4_loss_0.0074.pth
Epoch 5/500, Training Loss: 0.006656
Epoch 5/500, Validation Loss: 0.007310
Best model saved to result/TCN_False_equal_risk_parity_60_20/models/tcn_False/best_model_epoch_5_loss_0.0073.pth
Epoch 6/500, Training Loss: 0.006583
Epoch 6/500, Validation Loss: 0.007257
Best model saved to result/TCN_False_equal_risk_parity_60_20/models/tcn_False/best_model_epoch_6_loss_0.0073.pth
Epoch 7/500, Training Loss: 0.006511
Epoch 7/500, Validation Loss: 0.007207
Best model saved to result/TCN_False_equal_risk_parity_60_20/models/tcn_False/best_model_epoch_7_loss_0.0072.pth
Epoch 8/500, Training Loss: 0.006455
Epoch 8/500, Validation Loss: 0.007160
Best model saved to result/TCN_False_equal_risk_parity_60_20/models/tcn_False/best_model_epoch_8_loss_0.0072.pth
Epoch 9/500, Training Loss: 0.006388
Epoch 9/500, Validation Loss: 0.007116
Best model saved to result/TCN_False_equal_risk_parity_60_20/models/tcn_False/best_model_epoch_9_loss_0.0071.pth
Epoch 10/500, Training Loss: 0.006328
Epoch 10/500, Validation Loss: 0.007074
Best model saved to result/TCN_False_equal_risk_parity_60_20/models/tcn_False/best_model_epoch_10_loss_0.0071.pth
Epoch 11/500, Training Loss: 0.006271
Epoch 11/500, Validation Loss: 0.007034
Best model saved to result/TCN_False_equal_risk_parity_60_20/models/tcn_False/best_model_epoch_11_loss_0.0070.pth
Epoch 12/500, Training Loss: 0.006218
Epoch 12/500, Validation Loss: 0.006995
Best model saved to result/TCN_False_equal_risk_parity_60_20/models/tcn_False/best_model_epoch_12_loss_0.0070.pth
Epoch 13/500, Training Loss: 0.006165
Epoch 13/500, Validation Loss: 0.006959
Best model saved to result/TCN_False_equal_risk_parity_60_20/models/tcn_False/best_model_epoch_13_loss_0.0070.pth
Epoch 14/500, Training Loss: 0.006117
Epoch 14/500, Validation Loss: 0.006923
Best model saved to result/TCN_False_equal_risk_parity_60_20/models/tcn_False/best_model_epoch_14_loss_0.0069.pth
Epoch 15/500, Training Loss: 0.006066
Epoch 15/500, Validation Loss: 0.006890
Best model saved to result/TCN_False_equal_risk_parity_60_20/models/tcn_False/best_model_epoch_15_loss_0.0069.pth
Epoch 16/500, Training Loss: 0.006020
Epoch 16/500, Validation Loss: 0.006857
Best model saved to result/TCN_False_equal_risk_parity_60_20/models/tcn_False/best_model_epoch_16_loss_0.0069.pth
Epoch 17/500, Training Loss: 0.005974
Epoch 17/500, Validation Loss: 0.006826
Best model saved to result/TCN_False_equal_risk_parity_60_20/models/tcn_False/best_model_epoch_17_loss_0.0068.pth
Epoch 18/500, Training Loss: 0.005930
Epoch 18/500, Validation Loss: 0.006795
Best model saved to result/TCN_False_equal_risk_parity_60_20/models/tcn_False/best_model_epoch_18_loss_0.0068.pth
Epoch 19/500, Training Loss: 0.005888
Epoch 19/500, Validation Loss: 0.006765
Best model saved to result/TCN_False_equal_risk_parity_60_20/models/tcn_False/best_model_epoch_19_loss_0.0068.pth
Epoch 20/500, Training Loss: 0.005847
Epoch 20/500, Validation Loss: 0.006736
Best model saved to result/TCN_False_equal_risk_parity_60_20/models/tcn_False/best_model_epoch_20_loss_0.0067.pth
Epoch 21/500, Training Loss: 0.005803
Epoch 21/500, Validation Loss: 0.006708
Best model saved to result/TCN_False_equal_risk_parity_60_20/models/tcn_False/best_model_epoch_21_loss_0.0067.pth
Epoch 22/500, Training Loss: 0.005762
Epoch 22/500, Validation Loss: 0.006681
Best model saved to result/TCN_False_equal_risk_parity_60_20/models/tcn_False/best_model_epoch_22_loss_0.0067.pth
Epoch 23/500, Training Loss: 0.005725
Epoch 23/500, Validation Loss: 0.006655
Best model saved to result/TCN_False_equal_risk_parity_60_20/models/tcn_False/best_model_epoch_23_loss_0.0067.pth
Epoch 24/500, Training Loss: 0.005687
Epoch 24/500, Validation Loss: 0.006629
Best model saved to result/TCN_False_equal_risk_parity_60_20/models/tcn_False/best_model_epoch_24_loss_0.0066.pth
Epoch 25/500, Training Loss: 0.005650
Epoch 25/500, Validation Loss: 0.006604
Best model saved to result/TCN_False_equal_risk_parity_60_20/models/tcn_False/best_model_epoch_25_loss_0.0066.pth
Epoch 26/500, Training Loss: 0.005612
Epoch 26/500, Validation Loss: 0.006580
Best model saved to result/TCN_False_equal_risk_parity_60_20/models/tcn_False/best_model_epoch_26_loss_0.0066.pth
Epoch 27/500, Training Loss: 0.005576
Epoch 27/500, Validation Loss: 0.006556
Best model saved to result/TCN_False_equal_risk_parity_60_20/models/tcn_False/best_model_epoch_27_loss_0.0066.pth
Epoch 28/500, Training Loss: 0.005541
Epoch 28/500, Validation Loss: 0.006533
Best model saved to result/TCN_False_equal_risk_parity_60_20/models/tcn_False/best_model_epoch_28_loss_0.0065.pth
Epoch 29/500, Training Loss: 0.005507
Epoch 29/500, Validation Loss: 0.006510
Best model saved to result/TCN_False_equal_risk_parity_60_20/models/tcn_False/best_model_epoch_29_loss_0.0065.pth
Epoch 30/500, Training Loss: 0.005473
Epoch 30/500, Validation Loss: 0.006488
Best model saved to result/TCN_False_equal_risk_parity_60_20/models/tcn_False/best_model_epoch_30_loss_0.0065.pth
Epoch 31/500, Training Loss: 0.005440
Epoch 31/500, Validation Loss: 0.006466
Best model saved to result/TCN_False_equal_risk_parity_60_20/models/tcn_False/best_model_epoch_31_loss_0.0065.pth
Epoch 32/500, Training Loss: 0.005410
Epoch 32/500, Validation Loss: 0.006445
Best model saved to result/TCN_False_equal_risk_parity_60_20/models/tcn_False/best_model_epoch_32_loss_0.0064.pth
Epoch 33/500, Training Loss: 0.005378
Epoch 33/500, Validation Loss: 0.006425
Best model saved to result/TCN_False_equal_risk_parity_60_20/models/tcn_False/best_model_epoch_33_loss_0.0064.pth
Epoch 34/500, Training Loss: 0.005347
Epoch 34/500, Validation Loss: 0.006405
Best model saved to result/TCN_False_equal_risk_parity_60_20/models/tcn_False/best_model_epoch_34_loss_0.0064.pth
Epoch 35/500, Training Loss: 0.005316
Epoch 35/500, Validation Loss: 0.006385
Best model saved to result/TCN_False_equal_risk_parity_60_20/models/tcn_False/best_model_epoch_35_loss_0.0064.pth
Epoch 36/500, Training Loss: 0.005290
Epoch 36/500, Validation Loss: 0.006366
Best model saved to result/TCN_False_equal_risk_parity_60_20/models/tcn_False/best_model_epoch_36_loss_0.0064.pth
Epoch 37/500, Training Loss: 0.005260
Epoch 37/500, Validation Loss: 0.006347
Best model saved to result/TCN_False_equal_risk_parity_60_20/models/tcn_False/best_model_epoch_37_loss_0.0063.pth
Epoch 38/500, Training Loss: 0.005232
Epoch 38/500, Validation Loss: 0.006328
Best model saved to result/TCN_False_equal_risk_parity_60_20/models/tcn_False/best_model_epoch_38_loss_0.0063.pth
Epoch 39/500, Training Loss: 0.005205
Epoch 39/500, Validation Loss: 0.006310
Best model saved to result/TCN_False_equal_risk_parity_60_20/models/tcn_False/best_model_epoch_39_loss_0.0063.pth
Epoch 40/500, Training Loss: 0.005177
Epoch 40/500, Validation Loss: 0.006292
Best model saved to result/TCN_False_equal_risk_parity_60_20/models/tcn_False/best_model_epoch_40_loss_0.0063.pth
Epoch 41/500, Training Loss: 0.005151
Epoch 41/500, Validation Loss: 0.006274
Best model saved to result/TCN_False_equal_risk_parity_60_20/models/tcn_False/best_model_epoch_41_loss_0.0063.pth
Epoch 42/500, Training Loss: 0.005126
Epoch 42/500, Validation Loss: 0.006257
Best model saved to result/TCN_False_equal_risk_parity_60_20/models/tcn_False/best_model_epoch_42_loss_0.0063.pth
Epoch 43/500, Training Loss: 0.005102
Epoch 43/500, Validation Loss: 0.006240
Best model saved to result/TCN_False_equal_risk_parity_60_20/models/tcn_False/best_model_epoch_43_loss_0.0062.pth
Epoch 44/500, Training Loss: 0.005078
Epoch 44/500, Validation Loss: 0.006223
Best model saved to result/TCN_False_equal_risk_parity_60_20/models/tcn_False/best_model_epoch_44_loss_0.0062.pth
Epoch 45/500, Training Loss: 0.005053
Epoch 45/500, Validation Loss: 0.006207
Best model saved to result/TCN_False_equal_risk_parity_60_20/models/tcn_False/best_model_epoch_45_loss_0.0062.pth
Epoch 46/500, Training Loss: 0.005032
Epoch 46/500, Validation Loss: 0.006191
Best model saved to result/TCN_False_equal_risk_parity_60_20/models/tcn_False/best_model_epoch_46_loss_0.0062.pth
Epoch 47/500, Training Loss: 0.005010
Epoch 47/500, Validation Loss: 0.006176
Best model saved to result/TCN_False_equal_risk_parity_60_20/models/tcn_False/best_model_epoch_47_loss_0.0062.pth
Epoch 48/500, Training Loss: 0.004990
Epoch 48/500, Validation Loss: 0.006161
Best model saved to result/TCN_False_equal_risk_parity_60_20/models/tcn_False/best_model_epoch_48_loss_0.0062.pth
Epoch 49/500, Training Loss: 0.004966
Epoch 49/500, Validation Loss: 0.006145
Best model saved to result/TCN_False_equal_risk_parity_60_20/models/tcn_False/best_model_epoch_49_loss_0.0061.pth
Epoch 50/500, Training Loss: 0.004947
Epoch 50/500, Validation Loss: 0.006131
Best model saved to result/TCN_False_equal_risk_parity_60_20/models/tcn_False/best_model_epoch_50_loss_0.0061.pth
Epoch 51/500, Training Loss: 0.004926
Epoch 51/500, Validation Loss: 0.006117
Best model saved to result/TCN_False_equal_risk_parity_60_20/models/tcn_False/best_model_epoch_51_loss_0.0061.pth
Epoch 52/500, Training Loss: 0.004911
Epoch 52/500, Validation Loss: 0.006103
Best model saved to result/TCN_False_equal_risk_parity_60_20/models/tcn_False/best_model_epoch_52_loss_0.0061.pth
Epoch 53/500, Training Loss: 0.004891
Epoch 53/500, Validation Loss: 0.006089
Best model saved to result/TCN_False_equal_risk_parity_60_20/models/tcn_False/best_model_epoch_53_loss_0.0061.pth
Epoch 54/500, Training Loss: 0.004873
Epoch 54/500, Validation Loss: 0.006076
Best model saved to result/TCN_False_equal_risk_parity_60_20/models/tcn_False/best_model_epoch_54_loss_0.0061.pth
Epoch 55/500, Training Loss: 0.004857
Epoch 55/500, Validation Loss: 0.006064
Best model saved to result/TCN_False_equal_risk_parity_60_20/models/tcn_False/best_model_epoch_55_loss_0.0061.pth
Epoch 56/500, Training Loss: 0.004839
Epoch 56/500, Validation Loss: 0.006051
Best model saved to result/TCN_False_equal_risk_parity_60_20/models/tcn_False/best_model_epoch_56_loss_0.0061.pth
Epoch 57/500, Training Loss: 0.004826
Epoch 57/500, Validation Loss: 0.006039
Best model saved to result/TCN_False_equal_risk_parity_60_20/models/tcn_False/best_model_epoch_57_loss_0.0060.pth
Epoch 58/500, Training Loss: 0.004810
Epoch 58/500, Validation Loss: 0.006028
Best model saved to result/TCN_False_equal_risk_parity_60_20/models/tcn_False/best_model_epoch_58_loss_0.0060.pth
Epoch 59/500, Training Loss: 0.004795
Epoch 59/500, Validation Loss: 0.006017
Best model saved to result/TCN_False_equal_risk_parity_60_20/models/tcn_False/best_model_epoch_59_loss_0.0060.pth
Epoch 60/500, Training Loss: 0.004782
Epoch 60/500, Validation Loss: 0.006006
Best model saved to result/TCN_False_equal_risk_parity_60_20/models/tcn_False/best_model_epoch_60_loss_0.0060.pth
Epoch 61/500, Training Loss: 0.004769
Epoch 61/500, Validation Loss: 0.005995
Best model saved to result/TCN_False_equal_risk_parity_60_20/models/tcn_False/best_model_epoch_61_loss_0.0060.pth
Epoch 62/500, Training Loss: 0.004756
Epoch 62/500, Validation Loss: 0.005985
Best model saved to result/TCN_False_equal_risk_parity_60_20/models/tcn_False/best_model_epoch_62_loss_0.0060.pth
Epoch 63/500, Training Loss: 0.004745
Epoch 63/500, Validation Loss: 0.005975
Best model saved to result/TCN_False_equal_risk_parity_60_20/models/tcn_False/best_model_epoch_63_loss_0.0060.pth
Epoch 64/500, Training Loss: 0.004733
Epoch 64/500, Validation Loss: 0.005966
Best model saved to result/TCN_False_equal_risk_parity_60_20/models/tcn_False/best_model_epoch_64_loss_0.0060.pth
Epoch 65/500, Training Loss: 0.004721
Epoch 65/500, Validation Loss: 0.005956
Best model saved to result/TCN_False_equal_risk_parity_60_20/models/tcn_False/best_model_epoch_65_loss_0.0060.pth
Epoch 66/500, Training Loss: 0.004711
Epoch 66/500, Validation Loss: 0.005947
Best model saved to result/TCN_False_equal_risk_parity_60_20/models/tcn_False/best_model_epoch_66_loss_0.0059.pth
Epoch 67/500, Training Loss: 0.004703
Epoch 67/500, Validation Loss: 0.005939
Best model saved to result/TCN_False_equal_risk_parity_60_20/models/tcn_False/best_model_epoch_67_loss_0.0059.pth
Epoch 68/500, Training Loss: 0.004691
Epoch 68/500, Validation Loss: 0.005931
Best model saved to result/TCN_False_equal_risk_parity_60_20/models/tcn_False/best_model_epoch_68_loss_0.0059.pth
Epoch 69/500, Training Loss: 0.004683
Epoch 69/500, Validation Loss: 0.005923
Best model saved to result/TCN_False_equal_risk_parity_60_20/models/tcn_False/best_model_epoch_69_loss_0.0059.pth
Epoch 70/500, Training Loss: 0.004673
Epoch 70/500, Validation Loss: 0.005915
Best model saved to result/TCN_False_equal_risk_parity_60_20/models/tcn_False/best_model_epoch_70_loss_0.0059.pth
Epoch 71/500, Training Loss: 0.004666
Epoch 71/500, Validation Loss: 0.005908
Best model saved to result/TCN_False_equal_risk_parity_60_20/models/tcn_False/best_model_epoch_71_loss_0.0059.pth
Epoch 72/500, Training Loss: 0.004657
Epoch 72/500, Validation Loss: 0.005901
Best model saved to result/TCN_False_equal_risk_parity_60_20/models/tcn_False/best_model_epoch_72_loss_0.0059.pth
Epoch 73/500, Training Loss: 0.004651
Epoch 73/500, Validation Loss: 0.005894
Best model saved to result/TCN_False_equal_risk_parity_60_20/models/tcn_False/best_model_epoch_73_loss_0.0059.pth
Epoch 74/500, Training Loss: 0.004642
Epoch 74/500, Validation Loss: 0.005887
Best model saved to result/TCN_False_equal_risk_parity_60_20/models/tcn_False/best_model_epoch_74_loss_0.0059.pth
Epoch 75/500, Training Loss: 0.004637
Epoch 75/500, Validation Loss: 0.005881
Best model saved to result/TCN_False_equal_risk_parity_60_20/models/tcn_False/best_model_epoch_75_loss_0.0059.pth
Epoch 76/500, Training Loss: 0.004629
Epoch 76/500, Validation Loss: 0.005875
Best model saved to result/TCN_False_equal_risk_parity_60_20/models/tcn_False/best_model_epoch_76_loss_0.0059.pth
Epoch 77/500, Training Loss: 0.004623
Epoch 77/500, Validation Loss: 0.005869
Best model saved to result/TCN_False_equal_risk_parity_60_20/models/tcn_False/best_model_epoch_77_loss_0.0059.pth
Epoch 78/500, Training Loss: 0.004617
Epoch 78/500, Validation Loss: 0.005863
Best model saved to result/TCN_False_equal_risk_parity_60_20/models/tcn_False/best_model_epoch_78_loss_0.0059.pth
Epoch 79/500, Training Loss: 0.004611
Epoch 79/500, Validation Loss: 0.005858
Best model saved to result/TCN_False_equal_risk_parity_60_20/models/tcn_False/best_model_epoch_79_loss_0.0059.pth
Epoch 80/500, Training Loss: 0.004605
Epoch 80/500, Validation Loss: 0.005853
Best model saved to result/TCN_False_equal_risk_parity_60_20/models/tcn_False/best_model_epoch_80_loss_0.0059.pth
Epoch 81/500, Training Loss: 0.004600
Epoch 81/500, Validation Loss: 0.005848
Best model saved to result/TCN_False_equal_risk_parity_60_20/models/tcn_False/best_model_epoch_81_loss_0.0058.pth
Epoch 82/500, Training Loss: 0.004596
Epoch 82/500, Validation Loss: 0.005843
Best model saved to result/TCN_False_equal_risk_parity_60_20/models/tcn_False/best_model_epoch_82_loss_0.0058.pth
Epoch 83/500, Training Loss: 0.004590
Epoch 83/500, Validation Loss: 0.005838
Best model saved to result/TCN_False_equal_risk_parity_60_20/models/tcn_False/best_model_epoch_83_loss_0.0058.pth
Epoch 84/500, Training Loss: 0.004588
Epoch 84/500, Validation Loss: 0.005834
Best model saved to result/TCN_False_equal_risk_parity_60_20/models/tcn_False/best_model_epoch_84_loss_0.0058.pth
Epoch 85/500, Training Loss: 0.004583
Epoch 85/500, Validation Loss: 0.005830
Best model saved to result/TCN_False_equal_risk_parity_60_20/models/tcn_False/best_model_epoch_85_loss_0.0058.pth
Epoch 86/500, Training Loss: 0.004578
Epoch 86/500, Validation Loss: 0.005826
Best model saved to result/TCN_False_equal_risk_parity_60_20/models/tcn_False/best_model_epoch_86_loss_0.0058.pth
Epoch 87/500, Training Loss: 0.004573
Epoch 87/500, Validation Loss: 0.005822
Best model saved to result/TCN_False_equal_risk_parity_60_20/models/tcn_False/best_model_epoch_87_loss_0.0058.pth
Epoch 88/500, Training Loss: 0.004570
Epoch 88/500, Validation Loss: 0.005818
Best model saved to result/TCN_False_equal_risk_parity_60_20/models/tcn_False/best_model_epoch_88_loss_0.0058.pth
Epoch 89/500, Training Loss: 0.004565
Epoch 89/500, Validation Loss: 0.005815
Best model saved to result/TCN_False_equal_risk_parity_60_20/models/tcn_False/best_model_epoch_89_loss_0.0058.pth
Epoch 90/500, Training Loss: 0.004563
Epoch 90/500, Validation Loss: 0.005811
Best model saved to result/TCN_False_equal_risk_parity_60_20/models/tcn_False/best_model_epoch_90_loss_0.0058.pth
Epoch 91/500, Training Loss: 0.004561
Epoch 91/500, Validation Loss: 0.005808
Best model saved to result/TCN_False_equal_risk_parity_60_20/models/tcn_False/best_model_epoch_91_loss_0.0058.pth
Epoch 92/500, Training Loss: 0.004557
Epoch 92/500, Validation Loss: 0.005805
Best model saved to result/TCN_False_equal_risk_parity_60_20/models/tcn_False/best_model_epoch_92_loss_0.0058.pth
Epoch 93/500, Training Loss: 0.004554
Epoch 93/500, Validation Loss: 0.005802
Best model saved to result/TCN_False_equal_risk_parity_60_20/models/tcn_False/best_model_epoch_93_loss_0.0058.pth
Epoch 94/500, Training Loss: 0.004552
Epoch 94/500, Validation Loss: 0.005799
Best model saved to result/TCN_False_equal_risk_parity_60_20/models/tcn_False/best_model_epoch_94_loss_0.0058.pth
Epoch 95/500, Training Loss: 0.004546
Epoch 95/500, Validation Loss: 0.005796
Best model saved to result/TCN_False_equal_risk_parity_60_20/models/tcn_False/best_model_epoch_95_loss_0.0058.pth
Epoch 96/500, Training Loss: 0.004544
Epoch 96/500, Validation Loss: 0.005793
Best model saved to result/TCN_False_equal_risk_parity_60_20/models/tcn_False/best_model_epoch_96_loss_0.0058.pth
Epoch 97/500, Training Loss: 0.004541
Epoch 97/500, Validation Loss: 0.005791
Best model saved to result/TCN_False_equal_risk_parity_60_20/models/tcn_False/best_model_epoch_97_loss_0.0058.pth
Epoch 98/500, Training Loss: 0.004539
Epoch 98/500, Validation Loss: 0.005789
Best model saved to result/TCN_False_equal_risk_parity_60_20/models/tcn_False/best_model_epoch_98_loss_0.0058.pth
Epoch 99/500, Training Loss: 0.004539
Epoch 99/500, Validation Loss: 0.005787
Best model saved to result/TCN_False_equal_risk_parity_60_20/models/tcn_False/best_model_epoch_99_loss_0.0058.pth
Epoch 100/500, Training Loss: 0.004536
Epoch 100/500, Validation Loss: 0.005784
Best model saved to result/TCN_False_equal_risk_parity_60_20/models/tcn_False/best_model_epoch_100_loss_0.0058.pth
Epoch 101/500, Training Loss: 0.004533
Epoch 101/500, Validation Loss: 0.005783
Best model saved to result/TCN_False_equal_risk_parity_60_20/models/tcn_False/best_model_epoch_101_loss_0.0058.pth
Epoch 102/500, Training Loss: 0.004531
Epoch 102/500, Validation Loss: 0.005781
Best model saved to result/TCN_False_equal_risk_parity_60_20/models/tcn_False/best_model_epoch_102_loss_0.0058.pth
Epoch 103/500, Training Loss: 0.004530
Epoch 103/500, Validation Loss: 0.005779
Best model saved to result/TCN_False_equal_risk_parity_60_20/models/tcn_False/best_model_epoch_103_loss_0.0058.pth
Epoch 104/500, Training Loss: 0.004526
Epoch 104/500, Validation Loss: 0.005777
Best model saved to result/TCN_False_equal_risk_parity_60_20/models/tcn_False/best_model_epoch_104_loss_0.0058.pth
Epoch 105/500, Training Loss: 0.004524
Epoch 105/500, Validation Loss: 0.005775
Best model saved to result/TCN_False_equal_risk_parity_60_20/models/tcn_False/best_model_epoch_105_loss_0.0058.pth
Epoch 106/500, Training Loss: 0.004524
Epoch 106/500, Validation Loss: 0.005774
Best model saved to result/TCN_False_equal_risk_parity_60_20/models/tcn_False/best_model_epoch_106_loss_0.0058.pth
Epoch 107/500, Training Loss: 0.004522
Epoch 107/500, Validation Loss: 0.005772
Best model saved to result/TCN_False_equal_risk_parity_60_20/models/tcn_False/best_model_epoch_107_loss_0.0058.pth
Epoch 108/500, Training Loss: 0.004520
Epoch 108/500, Validation Loss: 0.005771
Best model saved to result/TCN_False_equal_risk_parity_60_20/models/tcn_False/best_model_epoch_108_loss_0.0058.pth
Epoch 109/500, Training Loss: 0.004520
Epoch 109/500, Validation Loss: 0.005769
Best model saved to result/TCN_False_equal_risk_parity_60_20/models/tcn_False/best_model_epoch_109_loss_0.0058.pth
Epoch 110/500, Training Loss: 0.004515
Epoch 110/500, Validation Loss: 0.005768
Best model saved to result/TCN_False_equal_risk_parity_60_20/models/tcn_False/best_model_epoch_110_loss_0.0058.pth
Epoch 111/500, Training Loss: 0.004515
Epoch 111/500, Validation Loss: 0.005767
Best model saved to result/TCN_False_equal_risk_parity_60_20/models/tcn_False/best_model_epoch_111_loss_0.0058.pth
Epoch 112/500, Training Loss: 0.004511
Epoch 112/500, Validation Loss: 0.005766
Best model saved to result/TCN_False_equal_risk_parity_60_20/models/tcn_False/best_model_epoch_112_loss_0.0058.pth
Epoch 113/500, Training Loss: 0.004511
Epoch 113/500, Validation Loss: 0.005765
Best model saved to result/TCN_False_equal_risk_parity_60_20/models/tcn_False/best_model_epoch_113_loss_0.0058.pth
Epoch 114/500, Training Loss: 0.004510
Epoch 114/500, Validation Loss: 0.005763
Best model saved to result/TCN_False_equal_risk_parity_60_20/models/tcn_False/best_model_epoch_114_loss_0.0058.pth
Epoch 115/500, Training Loss: 0.004511
Epoch 115/500, Validation Loss: 0.005762
Best model saved to result/TCN_False_equal_risk_parity_60_20/models/tcn_False/best_model_epoch_115_loss_0.0058.pth
Epoch 116/500, Training Loss: 0.004508
Epoch 116/500, Validation Loss: 0.005761
Best model saved to result/TCN_False_equal_risk_parity_60_20/models/tcn_False/best_model_epoch_116_loss_0.0058.pth
Epoch 117/500, Training Loss: 0.004506
Epoch 117/500, Validation Loss: 0.005760
Best model saved to result/TCN_False_equal_risk_parity_60_20/models/tcn_False/best_model_epoch_117_loss_0.0058.pth
Epoch 118/500, Training Loss: 0.004506
Epoch 118/500, Validation Loss: 0.005759
Best model saved to result/TCN_False_equal_risk_parity_60_20/models/tcn_False/best_model_epoch_118_loss_0.0058.pth
Epoch 119/500, Training Loss: 0.004505
Epoch 119/500, Validation Loss: 0.005758
Best model saved to result/TCN_False_equal_risk_parity_60_20/models/tcn_False/best_model_epoch_119_loss_0.0058.pth
Epoch 120/500, Training Loss: 0.004503
Epoch 120/500, Validation Loss: 0.005757
Best model saved to result/TCN_False_equal_risk_parity_60_20/models/tcn_False/best_model_epoch_120_loss_0.0058.pth
Epoch 121/500, Training Loss: 0.004501
Epoch 121/500, Validation Loss: 0.005757
Best model saved to result/TCN_False_equal_risk_parity_60_20/models/tcn_False/best_model_epoch_121_loss_0.0058.pth
Epoch 122/500, Training Loss: 0.004504
Epoch 122/500, Validation Loss: 0.005756
Best model saved to result/TCN_False_equal_risk_parity_60_20/models/tcn_False/best_model_epoch_122_loss_0.0058.pth
Epoch 123/500, Training Loss: 0.004499
Epoch 123/500, Validation Loss: 0.005755
Best model saved to result/TCN_False_equal_risk_parity_60_20/models/tcn_False/best_model_epoch_123_loss_0.0058.pth
Epoch 124/500, Training Loss: 0.004499
Epoch 124/500, Validation Loss: 0.005754
Best model saved to result/TCN_False_equal_risk_parity_60_20/models/tcn_False/best_model_epoch_124_loss_0.0058.pth
Epoch 125/500, Training Loss: 0.004498
Epoch 125/500, Validation Loss: 0.005754
Best model saved to result/TCN_False_equal_risk_parity_60_20/models/tcn_False/best_model_epoch_125_loss_0.0058.pth
Epoch 126/500, Training Loss: 0.004499
Epoch 126/500, Validation Loss: 0.005753
Best model saved to result/TCN_False_equal_risk_parity_60_20/models/tcn_False/best_model_epoch_126_loss_0.0058.pth
Epoch 127/500, Training Loss: 0.004496
Epoch 127/500, Validation Loss: 0.005752
Best model saved to result/TCN_False_equal_risk_parity_60_20/models/tcn_False/best_model_epoch_127_loss_0.0058.pth
Epoch 128/500, Training Loss: 0.004494
Epoch 128/500, Validation Loss: 0.005751
Best model saved to result/TCN_False_equal_risk_parity_60_20/models/tcn_False/best_model_epoch_128_loss_0.0058.pth
Epoch 129/500, Training Loss: 0.004495
Epoch 129/500, Validation Loss: 0.005751
Best model saved to result/TCN_False_equal_risk_parity_60_20/models/tcn_False/best_model_epoch_129_loss_0.0058.pth
Epoch 130/500, Training Loss: 0.004496
Epoch 130/500, Validation Loss: 0.005750
Best model saved to result/TCN_False_equal_risk_parity_60_20/models/tcn_False/best_model_epoch_130_loss_0.0058.pth
Epoch 131/500, Training Loss: 0.004493
Epoch 131/500, Validation Loss: 0.005750
Best model saved to result/TCN_False_equal_risk_parity_60_20/models/tcn_False/best_model_epoch_131_loss_0.0057.pth
Epoch 132/500, Training Loss: 0.004492
Epoch 132/500, Validation Loss: 0.005749
Best model saved to result/TCN_False_equal_risk_parity_60_20/models/tcn_False/best_model_epoch_132_loss_0.0057.pth
Epoch 133/500, Training Loss: 0.004491
Epoch 133/500, Validation Loss: 0.005748
Best model saved to result/TCN_False_equal_risk_parity_60_20/models/tcn_False/best_model_epoch_133_loss_0.0057.pth
Epoch 134/500, Training Loss: 0.004491
Epoch 134/500, Validation Loss: 0.005748
Best model saved to result/TCN_False_equal_risk_parity_60_20/models/tcn_False/best_model_epoch_134_loss_0.0057.pth
Epoch 135/500, Training Loss: 0.004491
Epoch 135/500, Validation Loss: 0.005747
Best model saved to result/TCN_False_equal_risk_parity_60_20/models/tcn_False/best_model_epoch_135_loss_0.0057.pth
Epoch 136/500, Training Loss: 0.004489
Epoch 136/500, Validation Loss: 0.005747
Best model saved to result/TCN_False_equal_risk_parity_60_20/models/tcn_False/best_model_epoch_136_loss_0.0057.pth
Epoch 137/500, Training Loss: 0.004488
Epoch 137/500, Validation Loss: 0.005747
Best model saved to result/TCN_False_equal_risk_parity_60_20/models/tcn_False/best_model_epoch_137_loss_0.0057.pth
Epoch 138/500, Training Loss: 0.004488
Epoch 138/500, Validation Loss: 0.005746
Best model saved to result/TCN_False_equal_risk_parity_60_20/models/tcn_False/best_model_epoch_138_loss_0.0057.pth
Epoch 139/500, Training Loss: 0.004487
Epoch 139/500, Validation Loss: 0.005746
Best model saved to result/TCN_False_equal_risk_parity_60_20/models/tcn_False/best_model_epoch_139_loss_0.0057.pth
Epoch 140/500, Training Loss: 0.004488
Epoch 140/500, Validation Loss: 0.005745
Best model saved to result/TCN_False_equal_risk_parity_60_20/models/tcn_False/best_model_epoch_140_loss_0.0057.pth
Epoch 141/500, Training Loss: 0.004485
Epoch 141/500, Validation Loss: 0.005745
Best model saved to result/TCN_False_equal_risk_parity_60_20/models/tcn_False/best_model_epoch_141_loss_0.0057.pth
Epoch 142/500, Training Loss: 0.004489
Epoch 142/500, Validation Loss: 0.005744
Best model saved to result/TCN_False_equal_risk_parity_60_20/models/tcn_False/best_model_epoch_142_loss_0.0057.pth
Epoch 143/500, Training Loss: 0.004483
Epoch 143/500, Validation Loss: 0.005744
Best model saved to result/TCN_False_equal_risk_parity_60_20/models/tcn_False/best_model_epoch_143_loss_0.0057.pth
Epoch 144/500, Training Loss: 0.004486
Epoch 144/500, Validation Loss: 0.005744
Best model saved to result/TCN_False_equal_risk_parity_60_20/models/tcn_False/best_model_epoch_144_loss_0.0057.pth
Epoch 145/500, Training Loss: 0.004483
Epoch 145/500, Validation Loss: 0.005743
Best model saved to result/TCN_False_equal_risk_parity_60_20/models/tcn_False/best_model_epoch_145_loss_0.0057.pth
Epoch 146/500, Training Loss: 0.004485
Epoch 146/500, Validation Loss: 0.005743
Best model saved to result/TCN_False_equal_risk_parity_60_20/models/tcn_False/best_model_epoch_146_loss_0.0057.pth
Epoch 147/500, Training Loss: 0.004484
Epoch 147/500, Validation Loss: 0.005743
Best model saved to result/TCN_False_equal_risk_parity_60_20/models/tcn_False/best_model_epoch_147_loss_0.0057.pth
Epoch 148/500, Training Loss: 0.004484
Epoch 148/500, Validation Loss: 0.005742
Best model saved to result/TCN_False_equal_risk_parity_60_20/models/tcn_False/best_model_epoch_148_loss_0.0057.pth
Epoch 149/500, Training Loss: 0.004482
Epoch 149/500, Validation Loss: 0.005742
Best model saved to result/TCN_False_equal_risk_parity_60_20/models/tcn_False/best_model_epoch_149_loss_0.0057.pth
Epoch 150/500, Training Loss: 0.004483
Epoch 150/500, Validation Loss: 0.005741
Best model saved to result/TCN_False_equal_risk_parity_60_20/models/tcn_False/best_model_epoch_150_loss_0.0057.pth
Epoch 151/500, Training Loss: 0.004482
Epoch 151/500, Validation Loss: 0.005741
Best model saved to result/TCN_False_equal_risk_parity_60_20/models/tcn_False/best_model_epoch_151_loss_0.0057.pth
Epoch 152/500, Training Loss: 0.004481
Epoch 152/500, Validation Loss: 0.005741
Best model saved to result/TCN_False_equal_risk_parity_60_20/models/tcn_False/best_model_epoch_152_loss_0.0057.pth
Epoch 153/500, Training Loss: 0.004479
Epoch 153/500, Validation Loss: 0.005741
Best model saved to result/TCN_False_equal_risk_parity_60_20/models/tcn_False/best_model_epoch_153_loss_0.0057.pth
Epoch 154/500, Training Loss: 0.004482
Epoch 154/500, Validation Loss: 0.005740
Best model saved to result/TCN_False_equal_risk_parity_60_20/models/tcn_False/best_model_epoch_154_loss_0.0057.pth
Epoch 155/500, Training Loss: 0.004481
Epoch 155/500, Validation Loss: 0.005740
Best model saved to result/TCN_False_equal_risk_parity_60_20/models/tcn_False/best_model_epoch_155_loss_0.0057.pth
Epoch 156/500, Training Loss: 0.004481
Epoch 156/500, Validation Loss: 0.005740
Best model saved to result/TCN_False_equal_risk_parity_60_20/models/tcn_False/best_model_epoch_156_loss_0.0057.pth
Epoch 157/500, Training Loss: 0.004481
Epoch 157/500, Validation Loss: 0.005740
Best model saved to result/TCN_False_equal_risk_parity_60_20/models/tcn_False/best_model_epoch_157_loss_0.0057.pth
Epoch 158/500, Training Loss: 0.004478
Epoch 158/500, Validation Loss: 0.005739
Best model saved to result/TCN_False_equal_risk_parity_60_20/models/tcn_False/best_model_epoch_158_loss_0.0057.pth
Epoch 159/500, Training Loss: 0.004480
Epoch 159/500, Validation Loss: 0.005739
Best model saved to result/TCN_False_equal_risk_parity_60_20/models/tcn_False/best_model_epoch_159_loss_0.0057.pth
Epoch 160/500, Training Loss: 0.004478
Epoch 160/500, Validation Loss: 0.005739
Best model saved to result/TCN_False_equal_risk_parity_60_20/models/tcn_False/best_model_epoch_160_loss_0.0057.pth
Epoch 161/500, Training Loss: 0.004479
Epoch 161/500, Validation Loss: 0.005739
Best model saved to result/TCN_False_equal_risk_parity_60_20/models/tcn_False/best_model_epoch_161_loss_0.0057.pth
Epoch 162/500, Training Loss: 0.004478
Epoch 162/500, Validation Loss: 0.005738
Best model saved to result/TCN_False_equal_risk_parity_60_20/models/tcn_False/best_model_epoch_162_loss_0.0057.pth
Epoch 163/500, Training Loss: 0.004477
Epoch 163/500, Validation Loss: 0.005738
Best model saved to result/TCN_False_equal_risk_parity_60_20/models/tcn_False/best_model_epoch_163_loss_0.0057.pth
Epoch 164/500, Training Loss: 0.004478
Epoch 164/500, Validation Loss: 0.005738
Best model saved to result/TCN_False_equal_risk_parity_60_20/models/tcn_False/best_model_epoch_164_loss_0.0057.pth
Epoch 165/500, Training Loss: 0.004477
Epoch 165/500, Validation Loss: 0.005738
Best model saved to result/TCN_False_equal_risk_parity_60_20/models/tcn_False/best_model_epoch_165_loss_0.0057.pth
Epoch 166/500, Training Loss: 0.004475
Epoch 166/500, Validation Loss: 0.005738
Best model saved to result/TCN_False_equal_risk_parity_60_20/models/tcn_False/best_model_epoch_166_loss_0.0057.pth
Epoch 167/500, Training Loss: 0.004475
Epoch 167/500, Validation Loss: 0.005737
Best model saved to result/TCN_False_equal_risk_parity_60_20/models/tcn_False/best_model_epoch_167_loss_0.0057.pth
Epoch 168/500, Training Loss: 0.004478
Epoch 168/500, Validation Loss: 0.005737
Best model saved to result/TCN_False_equal_risk_parity_60_20/models/tcn_False/best_model_epoch_168_loss_0.0057.pth
Epoch 169/500, Training Loss: 0.004475
Epoch 169/500, Validation Loss: 0.005737
Best model saved to result/TCN_False_equal_risk_parity_60_20/models/tcn_False/best_model_epoch_169_loss_0.0057.pth
Epoch 170/500, Training Loss: 0.004476
Epoch 170/500, Validation Loss: 0.005737
Best model saved to result/TCN_False_equal_risk_parity_60_20/models/tcn_False/best_model_epoch_170_loss_0.0057.pth
Epoch 171/500, Training Loss: 0.004475
Epoch 171/500, Validation Loss: 0.005737
Best model saved to result/TCN_False_equal_risk_parity_60_20/models/tcn_False/best_model_epoch_171_loss_0.0057.pth
Epoch 172/500, Training Loss: 0.004474
Epoch 172/500, Validation Loss: 0.005737
Best model saved to result/TCN_False_equal_risk_parity_60_20/models/tcn_False/best_model_epoch_172_loss_0.0057.pth
Epoch 173/500, Training Loss: 0.004474
Epoch 173/500, Validation Loss: 0.005736
Best model saved to result/TCN_False_equal_risk_parity_60_20/models/tcn_False/best_model_epoch_173_loss_0.0057.pth
Epoch 174/500, Training Loss: 0.004476
Epoch 174/500, Validation Loss: 0.005736
Best model saved to result/TCN_False_equal_risk_parity_60_20/models/tcn_False/best_model_epoch_174_loss_0.0057.pth
Epoch 175/500, Training Loss: 0.004473
Epoch 175/500, Validation Loss: 0.005736
Epoch 176/500, Training Loss: 0.004475
Epoch 176/500, Validation Loss: 0.005736
Best model saved to result/TCN_False_equal_risk_parity_60_20/models/tcn_False/best_model_epoch_176_loss_0.0057.pth
Epoch 177/500, Training Loss: 0.004472
Epoch 177/500, Validation Loss: 0.005736
Best model saved to result/TCN_False_equal_risk_parity_60_20/models/tcn_False/best_model_epoch_177_loss_0.0057.pth
Epoch 178/500, Training Loss: 0.004475
Epoch 178/500, Validation Loss: 0.005735
Best model saved to result/TCN_False_equal_risk_parity_60_20/models/tcn_False/best_model_epoch_178_loss_0.0057.pth
Epoch 179/500, Training Loss: 0.004472
Epoch 179/500, Validation Loss: 0.005735
Epoch 180/500, Training Loss: 0.004472
Epoch 180/500, Validation Loss: 0.005735
Best model saved to result/TCN_False_equal_risk_parity_60_20/models/tcn_False/best_model_epoch_180_loss_0.0057.pth
Epoch 181/500, Training Loss: 0.004473
Epoch 181/500, Validation Loss: 0.005735
Best model saved to result/TCN_False_equal_risk_parity_60_20/models/tcn_False/best_model_epoch_181_loss_0.0057.pth
Epoch 182/500, Training Loss: 0.004472
Epoch 182/500, Validation Loss: 0.005735
Best model saved to result/TCN_False_equal_risk_parity_60_20/models/tcn_False/best_model_epoch_182_loss_0.0057.pth
Epoch 183/500, Training Loss: 0.004470
Epoch 183/500, Validation Loss: 0.005735
Best model saved to result/TCN_False_equal_risk_parity_60_20/models/tcn_False/best_model_epoch_183_loss_0.0057.pth
Epoch 184/500, Training Loss: 0.004471
Epoch 184/500, Validation Loss: 0.005735
Best model saved to result/TCN_False_equal_risk_parity_60_20/models/tcn_False/best_model_epoch_184_loss_0.0057.pth
Epoch 185/500, Training Loss: 0.004471
Epoch 185/500, Validation Loss: 0.005735
Best model saved to result/TCN_False_equal_risk_parity_60_20/models/tcn_False/best_model_epoch_185_loss_0.0057.pth
Epoch 186/500, Training Loss: 0.004470
Epoch 186/500, Validation Loss: 0.005734
Best model saved to result/TCN_False_equal_risk_parity_60_20/models/tcn_False/best_model_epoch_186_loss_0.0057.pth
Epoch 187/500, Training Loss: 0.004469
Epoch 187/500, Validation Loss: 0.005734
Best model saved to result/TCN_False_equal_risk_parity_60_20/models/tcn_False/best_model_epoch_187_loss_0.0057.pth
Epoch 188/500, Training Loss: 0.004469
Epoch 188/500, Validation Loss: 0.005734
Best model saved to result/TCN_False_equal_risk_parity_60_20/models/tcn_False/best_model_epoch_188_loss_0.0057.pth
Epoch 189/500, Training Loss: 0.004470
Epoch 189/500, Validation Loss: 0.005734
Best model saved to result/TCN_False_equal_risk_parity_60_20/models/tcn_False/best_model_epoch_189_loss_0.0057.pth
Epoch 190/500, Training Loss: 0.004469
Epoch 190/500, Validation Loss: 0.005734
Best model saved to result/TCN_False_equal_risk_parity_60_20/models/tcn_False/best_model_epoch_190_loss_0.0057.pth
Epoch 191/500, Training Loss: 0.004467
Epoch 191/500, Validation Loss: 0.005734
Best model saved to result/TCN_False_equal_risk_parity_60_20/models/tcn_False/best_model_epoch_191_loss_0.0057.pth
Epoch 192/500, Training Loss: 0.004469
Epoch 192/500, Validation Loss: 0.005734
Best model saved to result/TCN_False_equal_risk_parity_60_20/models/tcn_False/best_model_epoch_192_loss_0.0057.pth
Epoch 193/500, Training Loss: 0.004469
Epoch 193/500, Validation Loss: 0.005733
Best model saved to result/TCN_False_equal_risk_parity_60_20/models/tcn_False/best_model_epoch_193_loss_0.0057.pth
Epoch 194/500, Training Loss: 0.004469
Epoch 194/500, Validation Loss: 0.005733
Best model saved to result/TCN_False_equal_risk_parity_60_20/models/tcn_False/best_model_epoch_194_loss_0.0057.pth
Epoch 195/500, Training Loss: 0.004470
Epoch 195/500, Validation Loss: 0.005733
Best model saved to result/TCN_False_equal_risk_parity_60_20/models/tcn_False/best_model_epoch_195_loss_0.0057.pth
Epoch 196/500, Training Loss: 0.004468
Epoch 196/500, Validation Loss: 0.005733
Best model saved to result/TCN_False_equal_risk_parity_60_20/models/tcn_False/best_model_epoch_196_loss_0.0057.pth
Epoch 197/500, Training Loss: 0.004467
Epoch 197/500, Validation Loss: 0.005733
Best model saved to result/TCN_False_equal_risk_parity_60_20/models/tcn_False/best_model_epoch_197_loss_0.0057.pth
Epoch 198/500, Training Loss: 0.004469
Epoch 198/500, Validation Loss: 0.005732
Best model saved to result/TCN_False_equal_risk_parity_60_20/models/tcn_False/best_model_epoch_198_loss_0.0057.pth
Epoch 199/500, Training Loss: 0.004467
Epoch 199/500, Validation Loss: 0.005732
Best model saved to result/TCN_False_equal_risk_parity_60_20/models/tcn_False/best_model_epoch_199_loss_0.0057.pth
Epoch 200/500, Training Loss: 0.004467
Epoch 200/500, Validation Loss: 0.005733
Epoch 201/500, Training Loss: 0.004467
Epoch 201/500, Validation Loss: 0.005732
Best model saved to result/TCN_False_equal_risk_parity_60_20/models/tcn_False/best_model_epoch_201_loss_0.0057.pth
Epoch 202/500, Training Loss: 0.004467
Epoch 202/500, Validation Loss: 0.005732
Best model saved to result/TCN_False_equal_risk_parity_60_20/models/tcn_False/best_model_epoch_202_loss_0.0057.pth
Epoch 203/500, Training Loss: 0.004469
Epoch 203/500, Validation Loss: 0.005732
Best model saved to result/TCN_False_equal_risk_parity_60_20/models/tcn_False/best_model_epoch_203_loss_0.0057.pth
Epoch 204/500, Training Loss: 0.004466
Epoch 204/500, Validation Loss: 0.005732
Best model saved to result/TCN_False_equal_risk_parity_60_20/models/tcn_False/best_model_epoch_204_loss_0.0057.pth
Epoch 205/500, Training Loss: 0.004465
Epoch 205/500, Validation Loss: 0.005732
Best model saved to result/TCN_False_equal_risk_parity_60_20/models/tcn_False/best_model_epoch_205_loss_0.0057.pth
Epoch 206/500, Training Loss: 0.004467
Epoch 206/500, Validation Loss: 0.005732
Epoch 207/500, Training Loss: 0.004466
Epoch 207/500, Validation Loss: 0.005732
Best model saved to result/TCN_False_equal_risk_parity_60_20/models/tcn_False/best_model_epoch_207_loss_0.0057.pth
Epoch 208/500, Training Loss: 0.004465
Epoch 208/500, Validation Loss: 0.005731
Best model saved to result/TCN_False_equal_risk_parity_60_20/models/tcn_False/best_model_epoch_208_loss_0.0057.pth
Epoch 209/500, Training Loss: 0.004466
Epoch 209/500, Validation Loss: 0.005731
Epoch 210/500, Training Loss: 0.004466
Epoch 210/500, Validation Loss: 0.005731
Best model saved to result/TCN_False_equal_risk_parity_60_20/models/tcn_False/best_model_epoch_210_loss_0.0057.pth
Epoch 211/500, Training Loss: 0.004465
Epoch 211/500, Validation Loss: 0.005731
Best model saved to result/TCN_False_equal_risk_parity_60_20/models/tcn_False/best_model_epoch_211_loss_0.0057.pth
Epoch 212/500, Training Loss: 0.004466
Epoch 212/500, Validation Loss: 0.005731
Best model saved to result/TCN_False_equal_risk_parity_60_20/models/tcn_False/best_model_epoch_212_loss_0.0057.pth
Epoch 213/500, Training Loss: 0.004465
Epoch 213/500, Validation Loss: 0.005731
Epoch 214/500, Training Loss: 0.004464
Epoch 214/500, Validation Loss: 0.005731
Epoch 215/500, Training Loss: 0.004463
Epoch 215/500, Validation Loss: 0.005730
Best model saved to result/TCN_False_equal_risk_parity_60_20/models/tcn_False/best_model_epoch_215_loss_0.0057.pth
Epoch 216/500, Training Loss: 0.004465
Epoch 216/500, Validation Loss: 0.005730
Best model saved to result/TCN_False_equal_risk_parity_60_20/models/tcn_False/best_model_epoch_216_loss_0.0057.pth
Epoch 217/500, Training Loss: 0.004463
Epoch 217/500, Validation Loss: 0.005730
Best model saved to result/TCN_False_equal_risk_parity_60_20/models/tcn_False/best_model_epoch_217_loss_0.0057.pth
Epoch 218/500, Training Loss: 0.004463
Epoch 218/500, Validation Loss: 0.005730
Best model saved to result/TCN_False_equal_risk_parity_60_20/models/tcn_False/best_model_epoch_218_loss_0.0057.pth
Epoch 219/500, Training Loss: 0.004463
Epoch 219/500, Validation Loss: 0.005730
Best model saved to result/TCN_False_equal_risk_parity_60_20/models/tcn_False/best_model_epoch_219_loss_0.0057.pth
Epoch 220/500, Training Loss: 0.004460
Epoch 220/500, Validation Loss: 0.005730
Best model saved to result/TCN_False_equal_risk_parity_60_20/models/tcn_False/best_model_epoch_220_loss_0.0057.pth
Epoch 221/500, Training Loss: 0.004462
Epoch 221/500, Validation Loss: 0.005730
Best model saved to result/TCN_False_equal_risk_parity_60_20/models/tcn_False/best_model_epoch_221_loss_0.0057.pth
Epoch 222/500, Training Loss: 0.004462
Epoch 222/500, Validation Loss: 0.005729
Best model saved to result/TCN_False_equal_risk_parity_60_20/models/tcn_False/best_model_epoch_222_loss_0.0057.pth
Epoch 223/500, Training Loss: 0.004463
Epoch 223/500, Validation Loss: 0.005729
Epoch 224/500, Training Loss: 0.004460
Epoch 224/500, Validation Loss: 0.005729
Best model saved to result/TCN_False_equal_risk_parity_60_20/models/tcn_False/best_model_epoch_224_loss_0.0057.pth
Epoch 225/500, Training Loss: 0.004461
Epoch 225/500, Validation Loss: 0.005729
Best model saved to result/TCN_False_equal_risk_parity_60_20/models/tcn_False/best_model_epoch_225_loss_0.0057.pth
Epoch 226/500, Training Loss: 0.004461
Epoch 226/500, Validation Loss: 0.005729
Best model saved to result/TCN_False_equal_risk_parity_60_20/models/tcn_False/best_model_epoch_226_loss_0.0057.pth
Epoch 227/500, Training Loss: 0.004461
Epoch 227/500, Validation Loss: 0.005729
Epoch 228/500, Training Loss: 0.004462
Epoch 228/500, Validation Loss: 0.005729
Best model saved to result/TCN_False_equal_risk_parity_60_20/models/tcn_False/best_model_epoch_228_loss_0.0057.pth
Epoch 229/500, Training Loss: 0.004461
Epoch 229/500, Validation Loss: 0.005729
Best model saved to result/TCN_False_equal_risk_parity_60_20/models/tcn_False/best_model_epoch_229_loss_0.0057.pth
Epoch 230/500, Training Loss: 0.004462
Epoch 230/500, Validation Loss: 0.005728
Best model saved to result/TCN_False_equal_risk_parity_60_20/models/tcn_False/best_model_epoch_230_loss_0.0057.pth
Epoch 231/500, Training Loss: 0.004461
Epoch 231/500, Validation Loss: 0.005728
Best model saved to result/TCN_False_equal_risk_parity_60_20/models/tcn_False/best_model_epoch_231_loss_0.0057.pth
Epoch 232/500, Training Loss: 0.004459
Epoch 232/500, Validation Loss: 0.005728
Best model saved to result/TCN_False_equal_risk_parity_60_20/models/tcn_False/best_model_epoch_232_loss_0.0057.pth
Epoch 233/500, Training Loss: 0.004459
Epoch 233/500, Validation Loss: 0.005728
Best model saved to result/TCN_False_equal_risk_parity_60_20/models/tcn_False/best_model_epoch_233_loss_0.0057.pth
Epoch 234/500, Training Loss: 0.004460
Epoch 234/500, Validation Loss: 0.005728
Best model saved to result/TCN_False_equal_risk_parity_60_20/models/tcn_False/best_model_epoch_234_loss_0.0057.pth
Epoch 235/500, Training Loss: 0.004459
Epoch 235/500, Validation Loss: 0.005727
Best model saved to result/TCN_False_equal_risk_parity_60_20/models/tcn_False/best_model_epoch_235_loss_0.0057.pth
Epoch 236/500, Training Loss: 0.004463
Epoch 236/500, Validation Loss: 0.005727
Best model saved to result/TCN_False_equal_risk_parity_60_20/models/tcn_False/best_model_epoch_236_loss_0.0057.pth
Epoch 237/500, Training Loss: 0.004461
Epoch 237/500, Validation Loss: 0.005727
Epoch 238/500, Training Loss: 0.004460
Epoch 238/500, Validation Loss: 0.005727
Best model saved to result/TCN_False_equal_risk_parity_60_20/models/tcn_False/best_model_epoch_238_loss_0.0057.pth
Epoch 239/500, Training Loss: 0.004458
Epoch 239/500, Validation Loss: 0.005727
Best model saved to result/TCN_False_equal_risk_parity_60_20/models/tcn_False/best_model_epoch_239_loss_0.0057.pth
Epoch 240/500, Training Loss: 0.004458
Epoch 240/500, Validation Loss: 0.005727
Best model saved to result/TCN_False_equal_risk_parity_60_20/models/tcn_False/best_model_epoch_240_loss_0.0057.pth
Epoch 241/500, Training Loss: 0.004459
Epoch 241/500, Validation Loss: 0.005727
Best model saved to result/TCN_False_equal_risk_parity_60_20/models/tcn_False/best_model_epoch_241_loss_0.0057.pth
Epoch 242/500, Training Loss: 0.004459
Epoch 242/500, Validation Loss: 0.005726
Best model saved to result/TCN_False_equal_risk_parity_60_20/models/tcn_False/best_model_epoch_242_loss_0.0057.pth
Epoch 243/500, Training Loss: 0.004458
Epoch 243/500, Validation Loss: 0.005726
Best model saved to result/TCN_False_equal_risk_parity_60_20/models/tcn_False/best_model_epoch_243_loss_0.0057.pth
Epoch 244/500, Training Loss: 0.004458
Epoch 244/500, Validation Loss: 0.005726
Best model saved to result/TCN_False_equal_risk_parity_60_20/models/tcn_False/best_model_epoch_244_loss_0.0057.pth
Epoch 245/500, Training Loss: 0.004456
Epoch 245/500, Validation Loss: 0.005726
Epoch 246/500, Training Loss: 0.004456
Epoch 246/500, Validation Loss: 0.005726
Epoch 247/500, Training Loss: 0.004456
Epoch 247/500, Validation Loss: 0.005725
Best model saved to result/TCN_False_equal_risk_parity_60_20/models/tcn_False/best_model_epoch_247_loss_0.0057.pth
Epoch 248/500, Training Loss: 0.004457
Epoch 248/500, Validation Loss: 0.005725
Best model saved to result/TCN_False_equal_risk_parity_60_20/models/tcn_False/best_model_epoch_248_loss_0.0057.pth
Epoch 249/500, Training Loss: 0.004457
Epoch 249/500, Validation Loss: 0.005725
Best model saved to result/TCN_False_equal_risk_parity_60_20/models/tcn_False/best_model_epoch_249_loss_0.0057.pth
Epoch 250/500, Training Loss: 0.004456
Epoch 250/500, Validation Loss: 0.005725
Best model saved to result/TCN_False_equal_risk_parity_60_20/models/tcn_False/best_model_epoch_250_loss_0.0057.pth
Epoch 251/500, Training Loss: 0.004455
Epoch 251/500, Validation Loss: 0.005725
Best model saved to result/TCN_False_equal_risk_parity_60_20/models/tcn_False/best_model_epoch_251_loss_0.0057.pth
Epoch 252/500, Training Loss: 0.004455
Epoch 252/500, Validation Loss: 0.005725
Best model saved to result/TCN_False_equal_risk_parity_60_20/models/tcn_False/best_model_epoch_252_loss_0.0057.pth
Epoch 253/500, Training Loss: 0.004454
Epoch 253/500, Validation Loss: 0.005725
Epoch 254/500, Training Loss: 0.004454
Epoch 254/500, Validation Loss: 0.005725
Best model saved to result/TCN_False_equal_risk_parity_60_20/models/tcn_False/best_model_epoch_254_loss_0.0057.pth
Epoch 255/500, Training Loss: 0.004455
Epoch 255/500, Validation Loss: 0.005724
Best model saved to result/TCN_False_equal_risk_parity_60_20/models/tcn_False/best_model_epoch_255_loss_0.0057.pth
Epoch 256/500, Training Loss: 0.004455
Epoch 256/500, Validation Loss: 0.005724
Best model saved to result/TCN_False_equal_risk_parity_60_20/models/tcn_False/best_model_epoch_256_loss_0.0057.pth
Epoch 257/500, Training Loss: 0.004454
Epoch 257/500, Validation Loss: 0.005724
Best model saved to result/TCN_False_equal_risk_parity_60_20/models/tcn_False/best_model_epoch_257_loss_0.0057.pth
Epoch 258/500, Training Loss: 0.004455
Epoch 258/500, Validation Loss: 0.005724
Epoch 259/500, Training Loss: 0.004453
Epoch 259/500, Validation Loss: 0.005724
Best model saved to result/TCN_False_equal_risk_parity_60_20/models/tcn_False/best_model_epoch_259_loss_0.0057.pth
Epoch 260/500, Training Loss: 0.004454
Epoch 260/500, Validation Loss: 0.005724
Best model saved to result/TCN_False_equal_risk_parity_60_20/models/tcn_False/best_model_epoch_260_loss_0.0057.pth
Epoch 261/500, Training Loss: 0.004452
Epoch 261/500, Validation Loss: 0.005723
Best model saved to result/TCN_False_equal_risk_parity_60_20/models/tcn_False/best_model_epoch_261_loss_0.0057.pth
Epoch 262/500, Training Loss: 0.004453
Epoch 262/500, Validation Loss: 0.005723
Epoch 263/500, Training Loss: 0.004453
Epoch 263/500, Validation Loss: 0.005723
Best model saved to result/TCN_False_equal_risk_parity_60_20/models/tcn_False/best_model_epoch_263_loss_0.0057.pth
Epoch 264/500, Training Loss: 0.004453
Epoch 264/500, Validation Loss: 0.005723
Best model saved to result/TCN_False_equal_risk_parity_60_20/models/tcn_False/best_model_epoch_264_loss_0.0057.pth
Epoch 265/500, Training Loss: 0.004452
Epoch 265/500, Validation Loss: 0.005723
Best model saved to result/TCN_False_equal_risk_parity_60_20/models/tcn_False/best_model_epoch_265_loss_0.0057.pth
Epoch 266/500, Training Loss: 0.004454
Epoch 266/500, Validation Loss: 0.005723
Best model saved to result/TCN_False_equal_risk_parity_60_20/models/tcn_False/best_model_epoch_266_loss_0.0057.pth
Epoch 267/500, Training Loss: 0.004453
Epoch 267/500, Validation Loss: 0.005722
Best model saved to result/TCN_False_equal_risk_parity_60_20/models/tcn_False/best_model_epoch_267_loss_0.0057.pth
Epoch 268/500, Training Loss: 0.004451
Epoch 268/500, Validation Loss: 0.005722
Best model saved to result/TCN_False_equal_risk_parity_60_20/models/tcn_False/best_model_epoch_268_loss_0.0057.pth
Epoch 269/500, Training Loss: 0.004451
Epoch 269/500, Validation Loss: 0.005722
Best model saved to result/TCN_False_equal_risk_parity_60_20/models/tcn_False/best_model_epoch_269_loss_0.0057.pth
Epoch 270/500, Training Loss: 0.004452
Epoch 270/500, Validation Loss: 0.005722
Epoch 271/500, Training Loss: 0.004450
Epoch 271/500, Validation Loss: 0.005722
Best model saved to result/TCN_False_equal_risk_parity_60_20/models/tcn_False/best_model_epoch_271_loss_0.0057.pth
Epoch 272/500, Training Loss: 0.004452
Epoch 272/500, Validation Loss: 0.005722
Best model saved to result/TCN_False_equal_risk_parity_60_20/models/tcn_False/best_model_epoch_272_loss_0.0057.pth
Epoch 273/500, Training Loss: 0.004450
Epoch 273/500, Validation Loss: 0.005722
Best model saved to result/TCN_False_equal_risk_parity_60_20/models/tcn_False/best_model_epoch_273_loss_0.0057.pth
Epoch 274/500, Training Loss: 0.004450
Epoch 274/500, Validation Loss: 0.005721
Best model saved to result/TCN_False_equal_risk_parity_60_20/models/tcn_False/best_model_epoch_274_loss_0.0057.pth
Epoch 275/500, Training Loss: 0.004450
Epoch 275/500, Validation Loss: 0.005721
Best model saved to result/TCN_False_equal_risk_parity_60_20/models/tcn_False/best_model_epoch_275_loss_0.0057.pth
Epoch 276/500, Training Loss: 0.004450
Epoch 276/500, Validation Loss: 0.005721
Best model saved to result/TCN_False_equal_risk_parity_60_20/models/tcn_False/best_model_epoch_276_loss_0.0057.pth
Epoch 277/500, Training Loss: 0.004449
Epoch 277/500, Validation Loss: 0.005721
Best model saved to result/TCN_False_equal_risk_parity_60_20/models/tcn_False/best_model_epoch_277_loss_0.0057.pth
Epoch 278/500, Training Loss: 0.004451
Epoch 278/500, Validation Loss: 0.005721
Best model saved to result/TCN_False_equal_risk_parity_60_20/models/tcn_False/best_model_epoch_278_loss_0.0057.pth
Epoch 279/500, Training Loss: 0.004449
Epoch 279/500, Validation Loss: 0.005721
Best model saved to result/TCN_False_equal_risk_parity_60_20/models/tcn_False/best_model_epoch_279_loss_0.0057.pth
Epoch 280/500, Training Loss: 0.004452
Epoch 280/500, Validation Loss: 0.005721
Best model saved to result/TCN_False_equal_risk_parity_60_20/models/tcn_False/best_model_epoch_280_loss_0.0057.pth
Epoch 281/500, Training Loss: 0.004448
Epoch 281/500, Validation Loss: 0.005720
Best model saved to result/TCN_False_equal_risk_parity_60_20/models/tcn_False/best_model_epoch_281_loss_0.0057.pth
Epoch 282/500, Training Loss: 0.004450
Epoch 282/500, Validation Loss: 0.005720
Best model saved to result/TCN_False_equal_risk_parity_60_20/models/tcn_False/best_model_epoch_282_loss_0.0057.pth
Epoch 283/500, Training Loss: 0.004448
Epoch 283/500, Validation Loss: 0.005720
Best model saved to result/TCN_False_equal_risk_parity_60_20/models/tcn_False/best_model_epoch_283_loss_0.0057.pth
Epoch 284/500, Training Loss: 0.004449
Epoch 284/500, Validation Loss: 0.005720
Best model saved to result/TCN_False_equal_risk_parity_60_20/models/tcn_False/best_model_epoch_284_loss_0.0057.pth
Epoch 285/500, Training Loss: 0.004448
Epoch 285/500, Validation Loss: 0.005720
Best model saved to result/TCN_False_equal_risk_parity_60_20/models/tcn_False/best_model_epoch_285_loss_0.0057.pth
Epoch 286/500, Training Loss: 0.004450
Epoch 286/500, Validation Loss: 0.005720
Best model saved to result/TCN_False_equal_risk_parity_60_20/models/tcn_False/best_model_epoch_286_loss_0.0057.pth
Epoch 287/500, Training Loss: 0.004448
Epoch 287/500, Validation Loss: 0.005719
Best model saved to result/TCN_False_equal_risk_parity_60_20/models/tcn_False/best_model_epoch_287_loss_0.0057.pth
Epoch 288/500, Training Loss: 0.004448
Epoch 288/500, Validation Loss: 0.005719
Best model saved to result/TCN_False_equal_risk_parity_60_20/models/tcn_False/best_model_epoch_288_loss_0.0057.pth
Epoch 289/500, Training Loss: 0.004447
Epoch 289/500, Validation Loss: 0.005719
Best model saved to result/TCN_False_equal_risk_parity_60_20/models/tcn_False/best_model_epoch_289_loss_0.0057.pth
Epoch 290/500, Training Loss: 0.004445
Epoch 290/500, Validation Loss: 0.005719
Best model saved to result/TCN_False_equal_risk_parity_60_20/models/tcn_False/best_model_epoch_290_loss_0.0057.pth
Epoch 291/500, Training Loss: 0.004447
Epoch 291/500, Validation Loss: 0.005719
Best model saved to result/TCN_False_equal_risk_parity_60_20/models/tcn_False/best_model_epoch_291_loss_0.0057.pth
Epoch 292/500, Training Loss: 0.004446
Epoch 292/500, Validation Loss: 0.005718
Best model saved to result/TCN_False_equal_risk_parity_60_20/models/tcn_False/best_model_epoch_292_loss_0.0057.pth
Epoch 293/500, Training Loss: 0.004445
Epoch 293/500, Validation Loss: 0.005718
Best model saved to result/TCN_False_equal_risk_parity_60_20/models/tcn_False/best_model_epoch_293_loss_0.0057.pth
Epoch 294/500, Training Loss: 0.004447
Epoch 294/500, Validation Loss: 0.005718
Best model saved to result/TCN_False_equal_risk_parity_60_20/models/tcn_False/best_model_epoch_294_loss_0.0057.pth
Epoch 295/500, Training Loss: 0.004446
Epoch 295/500, Validation Loss: 0.005718
Best model saved to result/TCN_False_equal_risk_parity_60_20/models/tcn_False/best_model_epoch_295_loss_0.0057.pth
Epoch 296/500, Training Loss: 0.004445
Epoch 296/500, Validation Loss: 0.005718
Best model saved to result/TCN_False_equal_risk_parity_60_20/models/tcn_False/best_model_epoch_296_loss_0.0057.pth
Epoch 297/500, Training Loss: 0.004445
Epoch 297/500, Validation Loss: 0.005718
Best model saved to result/TCN_False_equal_risk_parity_60_20/models/tcn_False/best_model_epoch_297_loss_0.0057.pth
Epoch 298/500, Training Loss: 0.004446
Epoch 298/500, Validation Loss: 0.005718
Best model saved to result/TCN_False_equal_risk_parity_60_20/models/tcn_False/best_model_epoch_298_loss_0.0057.pth
Epoch 299/500, Training Loss: 0.004444
Epoch 299/500, Validation Loss: 0.005717
Best model saved to result/TCN_False_equal_risk_parity_60_20/models/tcn_False/best_model_epoch_299_loss_0.0057.pth
Epoch 300/500, Training Loss: 0.004446
Epoch 300/500, Validation Loss: 0.005717
Best model saved to result/TCN_False_equal_risk_parity_60_20/models/tcn_False/best_model_epoch_300_loss_0.0057.pth
Epoch 301/500, Training Loss: 0.004445
Epoch 301/500, Validation Loss: 0.005717
Best model saved to result/TCN_False_equal_risk_parity_60_20/models/tcn_False/best_model_epoch_301_loss_0.0057.pth
Epoch 302/500, Training Loss: 0.004443
Epoch 302/500, Validation Loss: 0.005717
Epoch 303/500, Training Loss: 0.004443
Epoch 303/500, Validation Loss: 0.005716
Best model saved to result/TCN_False_equal_risk_parity_60_20/models/tcn_False/best_model_epoch_303_loss_0.0057.pth
Epoch 304/500, Training Loss: 0.004441
Epoch 304/500, Validation Loss: 0.005716
Best model saved to result/TCN_False_equal_risk_parity_60_20/models/tcn_False/best_model_epoch_304_loss_0.0057.pth
Epoch 305/500, Training Loss: 0.004442
Epoch 305/500, Validation Loss: 0.005716
Best model saved to result/TCN_False_equal_risk_parity_60_20/models/tcn_False/best_model_epoch_305_loss_0.0057.pth
Epoch 306/500, Training Loss: 0.004443
Epoch 306/500, Validation Loss: 0.005716
Best model saved to result/TCN_False_equal_risk_parity_60_20/models/tcn_False/best_model_epoch_306_loss_0.0057.pth
Epoch 307/500, Training Loss: 0.004443
Epoch 307/500, Validation Loss: 0.005716
Best model saved to result/TCN_False_equal_risk_parity_60_20/models/tcn_False/best_model_epoch_307_loss_0.0057.pth
Epoch 308/500, Training Loss: 0.004442
Epoch 308/500, Validation Loss: 0.005716
Best model saved to result/TCN_False_equal_risk_parity_60_20/models/tcn_False/best_model_epoch_308_loss_0.0057.pth
Epoch 309/500, Training Loss: 0.004444
Epoch 309/500, Validation Loss: 0.005715
Best model saved to result/TCN_False_equal_risk_parity_60_20/models/tcn_False/best_model_epoch_309_loss_0.0057.pth
Epoch 310/500, Training Loss: 0.004444
Epoch 310/500, Validation Loss: 0.005715
Best model saved to result/TCN_False_equal_risk_parity_60_20/models/tcn_False/best_model_epoch_310_loss_0.0057.pth
Epoch 311/500, Training Loss: 0.004442
Epoch 311/500, Validation Loss: 0.005715
Best model saved to result/TCN_False_equal_risk_parity_60_20/models/tcn_False/best_model_epoch_311_loss_0.0057.pth
Epoch 312/500, Training Loss: 0.004441
Epoch 312/500, Validation Loss: 0.005715
Best model saved to result/TCN_False_equal_risk_parity_60_20/models/tcn_False/best_model_epoch_312_loss_0.0057.pth
Epoch 313/500, Training Loss: 0.004442
Epoch 313/500, Validation Loss: 0.005715
Best model saved to result/TCN_False_equal_risk_parity_60_20/models/tcn_False/best_model_epoch_313_loss_0.0057.pth
Epoch 314/500, Training Loss: 0.004442
Epoch 314/500, Validation Loss: 0.005715
Best model saved to result/TCN_False_equal_risk_parity_60_20/models/tcn_False/best_model_epoch_314_loss_0.0057.pth
Epoch 315/500, Training Loss: 0.004442
Epoch 315/500, Validation Loss: 0.005714
Best model saved to result/TCN_False_equal_risk_parity_60_20/models/tcn_False/best_model_epoch_315_loss_0.0057.pth
Epoch 316/500, Training Loss: 0.004441
Epoch 316/500, Validation Loss: 0.005714
Epoch 317/500, Training Loss: 0.004439
Epoch 317/500, Validation Loss: 0.005714
Best model saved to result/TCN_False_equal_risk_parity_60_20/models/tcn_False/best_model_epoch_317_loss_0.0057.pth
Epoch 318/500, Training Loss: 0.004441
Epoch 318/500, Validation Loss: 0.005714
Best model saved to result/TCN_False_equal_risk_parity_60_20/models/tcn_False/best_model_epoch_318_loss_0.0057.pth
Epoch 319/500, Training Loss: 0.004441
Epoch 319/500, Validation Loss: 0.005714
Best model saved to result/TCN_False_equal_risk_parity_60_20/models/tcn_False/best_model_epoch_319_loss_0.0057.pth
Epoch 320/500, Training Loss: 0.004439
Epoch 320/500, Validation Loss: 0.005714
Epoch 321/500, Training Loss: 0.004438
Epoch 321/500, Validation Loss: 0.005714
Best model saved to result/TCN_False_equal_risk_parity_60_20/models/tcn_False/best_model_epoch_321_loss_0.0057.pth
Epoch 322/500, Training Loss: 0.004438
Epoch 322/500, Validation Loss: 0.005713
Best model saved to result/TCN_False_equal_risk_parity_60_20/models/tcn_False/best_model_epoch_322_loss_0.0057.pth
Epoch 323/500, Training Loss: 0.004440
Epoch 323/500, Validation Loss: 0.005713
Best model saved to result/TCN_False_equal_risk_parity_60_20/models/tcn_False/best_model_epoch_323_loss_0.0057.pth
Epoch 324/500, Training Loss: 0.004441
Epoch 324/500, Validation Loss: 0.005713
Best model saved to result/TCN_False_equal_risk_parity_60_20/models/tcn_False/best_model_epoch_324_loss_0.0057.pth
Epoch 325/500, Training Loss: 0.004438
Epoch 325/500, Validation Loss: 0.005713
Best model saved to result/TCN_False_equal_risk_parity_60_20/models/tcn_False/best_model_epoch_325_loss_0.0057.pth
Epoch 326/500, Training Loss: 0.004439
Epoch 326/500, Validation Loss: 0.005713
Best model saved to result/TCN_False_equal_risk_parity_60_20/models/tcn_False/best_model_epoch_326_loss_0.0057.pth
Epoch 327/500, Training Loss: 0.004438
Epoch 327/500, Validation Loss: 0.005713
Best model saved to result/TCN_False_equal_risk_parity_60_20/models/tcn_False/best_model_epoch_327_loss_0.0057.pth
Epoch 328/500, Training Loss: 0.004439
Epoch 328/500, Validation Loss: 0.005713
Best model saved to result/TCN_False_equal_risk_parity_60_20/models/tcn_False/best_model_epoch_328_loss_0.0057.pth
Epoch 329/500, Training Loss: 0.004438
Epoch 329/500, Validation Loss: 0.005712
Best model saved to result/TCN_False_equal_risk_parity_60_20/models/tcn_False/best_model_epoch_329_loss_0.0057.pth
Epoch 330/500, Training Loss: 0.004436
Epoch 330/500, Validation Loss: 0.005712
Best model saved to result/TCN_False_equal_risk_parity_60_20/models/tcn_False/best_model_epoch_330_loss_0.0057.pth
Epoch 331/500, Training Loss: 0.004435
Epoch 331/500, Validation Loss: 0.005712
Epoch 332/500, Training Loss: 0.004438
Epoch 332/500, Validation Loss: 0.005712
Best model saved to result/TCN_False_equal_risk_parity_60_20/models/tcn_False/best_model_epoch_332_loss_0.0057.pth
Epoch 333/500, Training Loss: 0.004436
Epoch 333/500, Validation Loss: 0.005712
Best model saved to result/TCN_False_equal_risk_parity_60_20/models/tcn_False/best_model_epoch_333_loss_0.0057.pth
Epoch 334/500, Training Loss: 0.004437
Epoch 334/500, Validation Loss: 0.005712
Best model saved to result/TCN_False_equal_risk_parity_60_20/models/tcn_False/best_model_epoch_334_loss_0.0057.pth
Epoch 335/500, Training Loss: 0.004437
Epoch 335/500, Validation Loss: 0.005712
Epoch 336/500, Training Loss: 0.004435
Epoch 336/500, Validation Loss: 0.005711
Best model saved to result/TCN_False_equal_risk_parity_60_20/models/tcn_False/best_model_epoch_336_loss_0.0057.pth
Epoch 337/500, Training Loss: 0.004435
Epoch 337/500, Validation Loss: 0.005711
Best model saved to result/TCN_False_equal_risk_parity_60_20/models/tcn_False/best_model_epoch_337_loss_0.0057.pth
Epoch 338/500, Training Loss: 0.004436
Epoch 338/500, Validation Loss: 0.005711
Best model saved to result/TCN_False_equal_risk_parity_60_20/models/tcn_False/best_model_epoch_338_loss_0.0057.pth
Epoch 339/500, Training Loss: 0.004436
Epoch 339/500, Validation Loss: 0.005711
Epoch 340/500, Training Loss: 0.004435
Epoch 340/500, Validation Loss: 0.005711
Best model saved to result/TCN_False_equal_risk_parity_60_20/models/tcn_False/best_model_epoch_340_loss_0.0057.pth
Epoch 341/500, Training Loss: 0.004436
Epoch 341/500, Validation Loss: 0.005710
Best model saved to result/TCN_False_equal_risk_parity_60_20/models/tcn_False/best_model_epoch_341_loss_0.0057.pth
Epoch 342/500, Training Loss: 0.004436
Epoch 342/500, Validation Loss: 0.005710
Best model saved to result/TCN_False_equal_risk_parity_60_20/models/tcn_False/best_model_epoch_342_loss_0.0057.pth
Epoch 343/500, Training Loss: 0.004435
Epoch 343/500, Validation Loss: 0.005710
Best model saved to result/TCN_False_equal_risk_parity_60_20/models/tcn_False/best_model_epoch_343_loss_0.0057.pth
Epoch 344/500, Training Loss: 0.004434
Epoch 344/500, Validation Loss: 0.005710
Best model saved to result/TCN_False_equal_risk_parity_60_20/models/tcn_False/best_model_epoch_344_loss_0.0057.pth
Epoch 345/500, Training Loss: 0.004434
Epoch 345/500, Validation Loss: 0.005710
Best model saved to result/TCN_False_equal_risk_parity_60_20/models/tcn_False/best_model_epoch_345_loss_0.0057.pth
Epoch 346/500, Training Loss: 0.004432
Epoch 346/500, Validation Loss: 0.005710
Best model saved to result/TCN_False_equal_risk_parity_60_20/models/tcn_False/best_model_epoch_346_loss_0.0057.pth
Epoch 347/500, Training Loss: 0.004434
Epoch 347/500, Validation Loss: 0.005709
Best model saved to result/TCN_False_equal_risk_parity_60_20/models/tcn_False/best_model_epoch_347_loss_0.0057.pth
Epoch 348/500, Training Loss: 0.004432
Epoch 348/500, Validation Loss: 0.005709
Best model saved to result/TCN_False_equal_risk_parity_60_20/models/tcn_False/best_model_epoch_348_loss_0.0057.pth
Epoch 349/500, Training Loss: 0.004434
Epoch 349/500, Validation Loss: 0.005709
Best model saved to result/TCN_False_equal_risk_parity_60_20/models/tcn_False/best_model_epoch_349_loss_0.0057.pth
Epoch 350/500, Training Loss: 0.004432
Epoch 350/500, Validation Loss: 0.005709
Best model saved to result/TCN_False_equal_risk_parity_60_20/models/tcn_False/best_model_epoch_350_loss_0.0057.pth
Epoch 351/500, Training Loss: 0.004433
Epoch 351/500, Validation Loss: 0.005708
Best model saved to result/TCN_False_equal_risk_parity_60_20/models/tcn_False/best_model_epoch_351_loss_0.0057.pth
Epoch 352/500, Training Loss: 0.004431
Epoch 352/500, Validation Loss: 0.005708
Best model saved to result/TCN_False_equal_risk_parity_60_20/models/tcn_False/best_model_epoch_352_loss_0.0057.pth
Epoch 353/500, Training Loss: 0.004431
Epoch 353/500, Validation Loss: 0.005708
Best model saved to result/TCN_False_equal_risk_parity_60_20/models/tcn_False/best_model_epoch_353_loss_0.0057.pth
Epoch 354/500, Training Loss: 0.004432
Epoch 354/500, Validation Loss: 0.005708
Best model saved to result/TCN_False_equal_risk_parity_60_20/models/tcn_False/best_model_epoch_354_loss_0.0057.pth
Epoch 355/500, Training Loss: 0.004431
Epoch 355/500, Validation Loss: 0.005708
Best model saved to result/TCN_False_equal_risk_parity_60_20/models/tcn_False/best_model_epoch_355_loss_0.0057.pth
Epoch 356/500, Training Loss: 0.004433
Epoch 356/500, Validation Loss: 0.005708
Best model saved to result/TCN_False_equal_risk_parity_60_20/models/tcn_False/best_model_epoch_356_loss_0.0057.pth
Epoch 357/500, Training Loss: 0.004431
Epoch 357/500, Validation Loss: 0.005707
Best model saved to result/TCN_False_equal_risk_parity_60_20/models/tcn_False/best_model_epoch_357_loss_0.0057.pth
Epoch 358/500, Training Loss: 0.004431
Epoch 358/500, Validation Loss: 0.005707
Epoch 359/500, Training Loss: 0.004431
Epoch 359/500, Validation Loss: 0.005707
Best model saved to result/TCN_False_equal_risk_parity_60_20/models/tcn_False/best_model_epoch_359_loss_0.0057.pth
Epoch 360/500, Training Loss: 0.004430
Epoch 360/500, Validation Loss: 0.005707
Epoch 361/500, Training Loss: 0.004430
Epoch 361/500, Validation Loss: 0.005707
Best model saved to result/TCN_False_equal_risk_parity_60_20/models/tcn_False/best_model_epoch_361_loss_0.0057.pth
Epoch 362/500, Training Loss: 0.004432
Epoch 362/500, Validation Loss: 0.005707
Best model saved to result/TCN_False_equal_risk_parity_60_20/models/tcn_False/best_model_epoch_362_loss_0.0057.pth
Epoch 363/500, Training Loss: 0.004429
Epoch 363/500, Validation Loss: 0.005706
Best model saved to result/TCN_False_equal_risk_parity_60_20/models/tcn_False/best_model_epoch_363_loss_0.0057.pth
Epoch 364/500, Training Loss: 0.004431
Epoch 364/500, Validation Loss: 0.005706
Best model saved to result/TCN_False_equal_risk_parity_60_20/models/tcn_False/best_model_epoch_364_loss_0.0057.pth
Epoch 365/500, Training Loss: 0.004429
Epoch 365/500, Validation Loss: 0.005706
Best model saved to result/TCN_False_equal_risk_parity_60_20/models/tcn_False/best_model_epoch_365_loss_0.0057.pth
Epoch 366/500, Training Loss: 0.004430
Epoch 366/500, Validation Loss: 0.005706
Best model saved to result/TCN_False_equal_risk_parity_60_20/models/tcn_False/best_model_epoch_366_loss_0.0057.pth
Epoch 367/500, Training Loss: 0.004427
Epoch 367/500, Validation Loss: 0.005706
Best model saved to result/TCN_False_equal_risk_parity_60_20/models/tcn_False/best_model_epoch_367_loss_0.0057.pth
Epoch 368/500, Training Loss: 0.004428
Epoch 368/500, Validation Loss: 0.005705
Best model saved to result/TCN_False_equal_risk_parity_60_20/models/tcn_False/best_model_epoch_368_loss_0.0057.pth
Epoch 369/500, Training Loss: 0.004429
Epoch 369/500, Validation Loss: 0.005705
Best model saved to result/TCN_False_equal_risk_parity_60_20/models/tcn_False/best_model_epoch_369_loss_0.0057.pth
Epoch 370/500, Training Loss: 0.004429
Epoch 370/500, Validation Loss: 0.005705
Epoch 371/500, Training Loss: 0.004429
Epoch 371/500, Validation Loss: 0.005705
Best model saved to result/TCN_False_equal_risk_parity_60_20/models/tcn_False/best_model_epoch_371_loss_0.0057.pth
Epoch 372/500, Training Loss: 0.004426
Epoch 372/500, Validation Loss: 0.005705
Epoch 373/500, Training Loss: 0.004428
Epoch 373/500, Validation Loss: 0.005705
Best model saved to result/TCN_False_equal_risk_parity_60_20/models/tcn_False/best_model_epoch_373_loss_0.0057.pth
Epoch 374/500, Training Loss: 0.004428
Epoch 374/500, Validation Loss: 0.005705
Best model saved to result/TCN_False_equal_risk_parity_60_20/models/tcn_False/best_model_epoch_374_loss_0.0057.pth
Epoch 375/500, Training Loss: 0.004425
Epoch 375/500, Validation Loss: 0.005704
Best model saved to result/TCN_False_equal_risk_parity_60_20/models/tcn_False/best_model_epoch_375_loss_0.0057.pth
Epoch 376/500, Training Loss: 0.004427
Epoch 376/500, Validation Loss: 0.005704
Best model saved to result/TCN_False_equal_risk_parity_60_20/models/tcn_False/best_model_epoch_376_loss_0.0057.pth
Epoch 377/500, Training Loss: 0.004429
Epoch 377/500, Validation Loss: 0.005704
Best model saved to result/TCN_False_equal_risk_parity_60_20/models/tcn_False/best_model_epoch_377_loss_0.0057.pth
Epoch 378/500, Training Loss: 0.004428
Epoch 378/500, Validation Loss: 0.005704
Best model saved to result/TCN_False_equal_risk_parity_60_20/models/tcn_False/best_model_epoch_378_loss_0.0057.pth
Epoch 379/500, Training Loss: 0.004427
Epoch 379/500, Validation Loss: 0.005703
Best model saved to result/TCN_False_equal_risk_parity_60_20/models/tcn_False/best_model_epoch_379_loss_0.0057.pth
Epoch 380/500, Training Loss: 0.004425
Epoch 380/500, Validation Loss: 0.005703
Best model saved to result/TCN_False_equal_risk_parity_60_20/models/tcn_False/best_model_epoch_380_loss_0.0057.pth
Epoch 381/500, Training Loss: 0.004425
Epoch 381/500, Validation Loss: 0.005703
Best model saved to result/TCN_False_equal_risk_parity_60_20/models/tcn_False/best_model_epoch_381_loss_0.0057.pth
Epoch 382/500, Training Loss: 0.004427
Epoch 382/500, Validation Loss: 0.005703
Best model saved to result/TCN_False_equal_risk_parity_60_20/models/tcn_False/best_model_epoch_382_loss_0.0057.pth
Epoch 383/500, Training Loss: 0.004424
Epoch 383/500, Validation Loss: 0.005703
Best model saved to result/TCN_False_equal_risk_parity_60_20/models/tcn_False/best_model_epoch_383_loss_0.0057.pth
Epoch 384/500, Training Loss: 0.004425
Epoch 384/500, Validation Loss: 0.005703
Best model saved to result/TCN_False_equal_risk_parity_60_20/models/tcn_False/best_model_epoch_384_loss_0.0057.pth
Epoch 385/500, Training Loss: 0.004424
Epoch 385/500, Validation Loss: 0.005703
Best model saved to result/TCN_False_equal_risk_parity_60_20/models/tcn_False/best_model_epoch_385_loss_0.0057.pth
Epoch 386/500, Training Loss: 0.004424
Epoch 386/500, Validation Loss: 0.005702
Best model saved to result/TCN_False_equal_risk_parity_60_20/models/tcn_False/best_model_epoch_386_loss_0.0057.pth
Epoch 387/500, Training Loss: 0.004425
Epoch 387/500, Validation Loss: 0.005702
Best model saved to result/TCN_False_equal_risk_parity_60_20/models/tcn_False/best_model_epoch_387_loss_0.0057.pth
Epoch 388/500, Training Loss: 0.004425
Epoch 388/500, Validation Loss: 0.005702
Best model saved to result/TCN_False_equal_risk_parity_60_20/models/tcn_False/best_model_epoch_388_loss_0.0057.pth
Epoch 389/500, Training Loss: 0.004422
Epoch 389/500, Validation Loss: 0.005702
Best model saved to result/TCN_False_equal_risk_parity_60_20/models/tcn_False/best_model_epoch_389_loss_0.0057.pth
Epoch 390/500, Training Loss: 0.004421
Epoch 390/500, Validation Loss: 0.005702
Best model saved to result/TCN_False_equal_risk_parity_60_20/models/tcn_False/best_model_epoch_390_loss_0.0057.pth
Epoch 391/500, Training Loss: 0.004424
Epoch 391/500, Validation Loss: 0.005702
Best model saved to result/TCN_False_equal_risk_parity_60_20/models/tcn_False/best_model_epoch_391_loss_0.0057.pth
Epoch 392/500, Training Loss: 0.004422
Epoch 392/500, Validation Loss: 0.005701
Best model saved to result/TCN_False_equal_risk_parity_60_20/models/tcn_False/best_model_epoch_392_loss_0.0057.pth
Epoch 393/500, Training Loss: 0.004424
Epoch 393/500, Validation Loss: 0.005701
Best model saved to result/TCN_False_equal_risk_parity_60_20/models/tcn_False/best_model_epoch_393_loss_0.0057.pth
Epoch 394/500, Training Loss: 0.004422
Epoch 394/500, Validation Loss: 0.005701
Best model saved to result/TCN_False_equal_risk_parity_60_20/models/tcn_False/best_model_epoch_394_loss_0.0057.pth
Epoch 395/500, Training Loss: 0.004422
Epoch 395/500, Validation Loss: 0.005701
Best model saved to result/TCN_False_equal_risk_parity_60_20/models/tcn_False/best_model_epoch_395_loss_0.0057.pth
Epoch 396/500, Training Loss: 0.004423
Epoch 396/500, Validation Loss: 0.005701
Epoch 397/500, Training Loss: 0.004423
Epoch 397/500, Validation Loss: 0.005701
Epoch 398/500, Training Loss: 0.004421
Epoch 398/500, Validation Loss: 0.005700
Best model saved to result/TCN_False_equal_risk_parity_60_20/models/tcn_False/best_model_epoch_398_loss_0.0057.pth
Epoch 399/500, Training Loss: 0.004422
Epoch 399/500, Validation Loss: 0.005700
Best model saved to result/TCN_False_equal_risk_parity_60_20/models/tcn_False/best_model_epoch_399_loss_0.0057.pth
Epoch 400/500, Training Loss: 0.004420
Epoch 400/500, Validation Loss: 0.005700
Best model saved to result/TCN_False_equal_risk_parity_60_20/models/tcn_False/best_model_epoch_400_loss_0.0057.pth
Epoch 401/500, Training Loss: 0.004420
Epoch 401/500, Validation Loss: 0.005700
Best model saved to result/TCN_False_equal_risk_parity_60_20/models/tcn_False/best_model_epoch_401_loss_0.0057.pth
Epoch 402/500, Training Loss: 0.004421
Epoch 402/500, Validation Loss: 0.005700
Best model saved to result/TCN_False_equal_risk_parity_60_20/models/tcn_False/best_model_epoch_402_loss_0.0057.pth
Epoch 403/500, Training Loss: 0.004419
Epoch 403/500, Validation Loss: 0.005700
Best model saved to result/TCN_False_equal_risk_parity_60_20/models/tcn_False/best_model_epoch_403_loss_0.0057.pth
