Configuration loaded successfully
Using config file: config/config.yaml
Random seed set to 42
User selections:
- Modes: ['train']
- Models: ['GRU']
- Use probability data: True

Executing train for GRU (use_prob: True)
dataset.pkl not found. Please run make_dataset.py first.
Configuration loaded successfully
Using config file: config/config.yaml
Random seed set to 42
User selections:
- Modes: ['train']
- Models: ['GRU']
- Use probability data: True

Executing train for GRU (use_prob: True)
dataset.pkl not found. Please run make_dataset.py first.
Configuration loaded successfully
Using config file: config/config.yaml
Random seed set to 42
User selections:
- Modes: ['train', 'inference']
- Models: ['GRU']
- Use probability data: True

Executing train for GRU (use_prob: True)
Starting training...
Error occurred: NaN detected in inputs
Program failed: NaN detected in inputs
Configuration loaded successfully
Using config file: config/config.yaml
Random seed set to 42
User selections:
- Modes: ['train', 'inference']
- Models: ['GRU']
- Use probability data: True

Executing train for GRU (use_prob: True)
Starting training...
Error occurred: input.size(-1) must be equal to input_size. Expected 313, got 370
Program failed: input.size(-1) must be equal to input_size. Expected 313, got 370
Configuration loaded successfully
Using config file: config/config.yaml
Random seed set to 42
User selections:
- Modes: ['train']
- Models: ['GRU']
- Use probability data: True

Executing train for GRU (use_prob: True)
Starting training...
Error occurred: input.size(-1) must be equal to input_size. Expected 37, got 370
Program failed: input.size(-1) must be equal to input_size. Expected 37, got 370
Configuration loaded successfully
Using config file: config/config.yaml
Random seed set to 42
User selections:
- Modes: ['train']
- Models: ['GRU']
- Use probability data: True

Executing train for GRU (use_prob: True)
Starting training...
Training completed
Configuration loaded successfully
Using config file: config/config.yaml
Random seed set to 42
User selections:
- Modes: ['inference']
- Models: ['GRU']
- Use probability data: True

Executing inference for GRU (use_prob: True)
Starting inference...
Inference completed
Configuration loaded successfully
Using config file: config/config.yaml
Random seed set to 42
User selections:
- Modes: ['inference']
- Models: ['GRU']
- Use probability data: True

Executing inference for GRU (use_prob: True)
Starting inference...
Inference completed
Configuration loaded successfully
Using config file: config/config.yaml
Random seed set to 42
User selections:
- Modes: ['inference']
- Models: ['GRU']
- Use probability data: True

Executing inference for GRU (use_prob: True)
Starting inference...
Error occurred: arg must be a string, datetime, list, tuple, 1-d array, or Series
Program failed: arg must be a string, datetime, list, tuple, 1-d array, or Series
Configuration loaded successfully
Using config file: config/config.yaml
Random seed set to 42
User selections:
- Modes: ['inference']
- Models: ['GRU']
- Use probability data: True

Executing inference for GRU (use_prob: True)
Starting inference...
Error occurred: <class 'list'> is not convertible to datetime, at position 0
Program failed: <class 'list'> is not convertible to datetime, at position 0
Configuration loaded successfully
Using config file: config/config.yaml
Random seed set to 42
User selections:
- Modes: ['inference']
- Models: ['GRU']
- Use probability data: True

Executing inference for GRU (use_prob: True)
Starting inference...
Inference completed
Configuration loaded successfully
Using config file: config/config.yaml
Random seed set to 42
User selections:
- Modes: ['inference']
- Models: ['GRU']
- Use probability data: True

Executing inference for GRU (use_prob: True)
Starting inference...
Inference completed
Configuration loaded successfully
Using config file: config/config.yaml
Random seed set to 42
User selections:
- Modes: ['train']
- Models: ['GRU']
- Use probability data: True

Executing train for GRU (use_prob: True)
Starting training...
Configuration loaded successfully
Using config file: config/config.yaml
Random seed set to 42
User selections:
- Modes: ['train', 'inference']
- Models: ['GRU', 'TCN', 'TRANSFORMER']
- Use probability data: True

Executing train for GRU (use_prob: True)
Starting training...
Training completed

Executing train for TCN (use_prob: True)
Starting training...
Configuration loaded successfully
Using config file: config/config.yaml
Random seed set to 42
User selections:
- Modes: ['train']
- Models: ['GRU']
- Use probability data: True

Executing train for GRU (use_prob: True)
Starting training...
Configuration loaded successfully
Using config file: config/config.yaml
Random seed set to 42
User selections:
- Modes: ['train']
- Models: ['GRU']
- Use probability data: True

Executing train for GRU (use_prob: True)
Starting training...
Training completed
Configuration loaded successfully
Using config file: config/config.yaml
Random seed set to 42
User selections:
- Modes: ['train']
- Models: ['GRU']
- Use probability data: False

Executing train for GRU (use_prob: False)
Starting training...
Training completed
Configuration loaded successfully
Using config file: config/config.yaml
Random seed set to 42
User selections:
- Modes: ['train']
- Models: ['TCN']
- Use probability data: True

Executing train for TCN (use_prob: True)
Starting training...
Training completed
Configuration loaded successfully
Using config file: config/config.yaml
Random seed set to 42
User selections:
- Modes: ['train']
- Models: ['TCN']
- Use probability data: False

Executing train for TCN (use_prob: False)
Starting training...
Error occurred: stack expects a non-empty TensorList
Program failed: stack expects a non-empty TensorList
Configuration loaded successfully
Using config file: config/config.yaml
Random seed set to 42
User selections:
- Modes: ['train']
- Models: ['TRANSFORMER']
- Use probability data: True

Executing train for TRANSFORMER (use_prob: True)
Starting training...
Error occurred: stack expects a non-empty TensorList
Program failed: stack expects a non-empty TensorList
Configuration loaded successfully
Using config file: config/config.yaml
Random seed set to 42
User selections:
- Modes: ['train']
- Models: ['TRANSFORMER']
- Use probability data: False

Executing train for TRANSFORMER (use_prob: False)
Starting training...
Error occurred: Boolean value of Tensor with more than one value is ambiguous
Program failed: Boolean value of Tensor with more than one value is ambiguous
Configuration loaded successfully
Using config file: config/config.yaml
Random seed set to 42
User selections:
- Modes: ['inference']
- Models: ['GRU']
- Use probability data: True

Executing inference for GRU (use_prob: True)
Error occurred: Error(s) in loading state_dict for GRUWithProb:
	Missing key(s) in state_dict: "prob_encoder.0.weight", "prob_encoder.0.bias". 
	size mismatch for attention.weight: copying a param with shape torch.Size([370, 128]) from checkpoint, the shape in current model is torch.Size([370, 256]).
	size mismatch for fc.weight: copying a param with shape torch.Size([370, 128]) from checkpoint, the shape in current model is torch.Size([370, 256]).
Program failed: Error(s) in loading state_dict for GRUWithProb:
	Missing key(s) in state_dict: "prob_encoder.0.weight", "prob_encoder.0.bias". 
	size mismatch for attention.weight: copying a param with shape torch.Size([370, 128]) from checkpoint, the shape in current model is torch.Size([370, 256]).
	size mismatch for fc.weight: copying a param with shape torch.Size([370, 128]) from checkpoint, the shape in current model is torch.Size([370, 256]).
Configuration loaded successfully
Using config file: config/config.yaml
Random seed set to 42
User selections:
- Modes: ['inference']
- Models: ['GRU']
- Use probability data: False

Executing inference for GRU (use_prob: False)
Starting inference...
Inference completed
Configuration loaded successfully
Using config file: config/config.yaml
Random seed set to 42
User selections:
- Modes: ['inference']
- Models: ['TCN']
- Use probability data: True

Executing inference for TCN (use_prob: True)
Starting inference...
Inference completed
Configuration loaded successfully
Using config file: config/config.yaml
Random seed set to 42
User selections:
- Modes: ['inference']
- Models: ['TCN']
- Use probability data: False

Executing inference for TCN (use_prob: False)
Error occurred: Error(s) in loading state_dict for TCN:
	Unexpected key(s) in state_dict: "prob_encoder.0.weight", "prob_encoder.0.bias". 
	size mismatch for attention.weight: copying a param with shape torch.Size([370, 128]) from checkpoint, the shape in current model is torch.Size([370, 64]).
	size mismatch for fc.weight: copying a param with shape torch.Size([370, 128]) from checkpoint, the shape in current model is torch.Size([370, 64]).
Program failed: Error(s) in loading state_dict for TCN:
	Unexpected key(s) in state_dict: "prob_encoder.0.weight", "prob_encoder.0.bias". 
	size mismatch for attention.weight: copying a param with shape torch.Size([370, 128]) from checkpoint, the shape in current model is torch.Size([370, 64]).
	size mismatch for fc.weight: copying a param with shape torch.Size([370, 128]) from checkpoint, the shape in current model is torch.Size([370, 64]).
Configuration loaded successfully
Using config file: config/config.yaml
Random seed set to 42
User selections:
- Modes: ['inference']
- Models: ['TRANSFORMER']
- Use probability data: True

Executing inference for TRANSFORMER (use_prob: True)
Starting inference...
Inference completed
Configuration loaded successfully
Using config file: config/config.yaml
Random seed set to 42
User selections:
- Modes: ['inference']
- Models: ['TRANSFORMER']
- Use probability data: False

Executing inference for TRANSFORMER (use_prob: False)
Error occurred: Error(s) in loading state_dict for Transformer:
	Unexpected key(s) in state_dict: "prob_encoder.0.weight", "prob_encoder.0.bias". 
	size mismatch for attention.weight: copying a param with shape torch.Size([370, 740]) from checkpoint, the shape in current model is torch.Size([370, 370]).
	size mismatch for out.weight: copying a param with shape torch.Size([370, 740]) from checkpoint, the shape in current model is torch.Size([370, 370]).
Program failed: Error(s) in loading state_dict for Transformer:
	Unexpected key(s) in state_dict: "prob_encoder.0.weight", "prob_encoder.0.bias". 
	size mismatch for attention.weight: copying a param with shape torch.Size([370, 740]) from checkpoint, the shape in current model is torch.Size([370, 370]).
	size mismatch for out.weight: copying a param with shape torch.Size([370, 740]) from checkpoint, the shape in current model is torch.Size([370, 370]).
Configuration loaded successfully
Using config file: config/config.yaml
Random seed set to 42
User selections:
- Modes: ['train']
- Models: ['GRU']
- Use probability data: False

Executing train for GRU (use_prob: False)
Starting training...
Configuration loaded successfully
Using config file: config/config.yaml
Random seed set to 42
User selections:
- Modes: ['inference']
- Models: ['TCN', 'TRANSFORMER']
- Use probability data: False

Executing inference for TCN (use_prob: False)
Error occurred: Error(s) in loading state_dict for TCN:
	size mismatch for attention.weight: copying a param with shape torch.Size([370, 128]) from checkpoint, the shape in current model is torch.Size([370, 64]).
	size mismatch for fc.weight: copying a param with shape torch.Size([370, 128]) from checkpoint, the shape in current model is torch.Size([370, 64]).
Program failed: Error(s) in loading state_dict for TCN:
	size mismatch for attention.weight: copying a param with shape torch.Size([370, 128]) from checkpoint, the shape in current model is torch.Size([370, 64]).
	size mismatch for fc.weight: copying a param with shape torch.Size([370, 128]) from checkpoint, the shape in current model is torch.Size([370, 64]).
Configuration loaded successfully
Using config file: config/config.yaml
Random seed set to 42
User selections:
- Modes: ['inference']
- Models: ['TCN']
- Use probability data: False

Executing inference for TCN (use_prob: False)
Starting inference...
Inference completed
Configuration loaded successfully
Using config file: config/config.yaml
Random seed set to 42
User selections:
- Modes: ['inference']
- Models: ['TRANSFORMER']
- Use probability data: False

Executing inference for TRANSFORMER (use_prob: False)
Starting inference...
Inference completed
Configuration loaded successfully
Using config file: config/config.yaml
Random seed set to 42
User selections:
- Modes: ['train', 'inference']
- Models: ['TRANSFORMER']
- Use probability data: False

Executing train for TRANSFORMER (use_prob: False)
Starting training...
Error occurred: Boolean value of Tensor with more than one value is ambiguous
Program failed: Boolean value of Tensor with more than one value is ambiguous
Configuration loaded successfully
Using config file: config/config.yaml
Random seed set to 42
User selections:
- Modes: ['train', 'inference']
- Models: ['TRANSFORMER']
- Use probability data: False

Executing train for TRANSFORMER (use_prob: False)
Starting training...
Error occurred: stack expects a non-empty TensorList
Program failed: stack expects a non-empty TensorList
Configuration loaded successfully
Using config file: config/config.yaml
Random seed set to 42
User selections:
- Modes: ['inference']
- Models: ['TRANSFORMER']
- Use probability data: False

Executing inference for TRANSFORMER (use_prob: False)
Starting inference...
Inference completed
Configuration loaded successfully
Using config file: config/config.yaml
Random seed set to 42
User selections:
- Modes: ['inference']
- Models: ['TRANSFORMER']
- Use probability data: False

Executing inference for TRANSFORMER (use_prob: False)
Starting inference...
Inference completed
Configuration loaded successfully
Using config file: config/config.yaml
Random seed set to 42
User selections:
- Modes: ['inference']
- Models: ['TRANSFORMER']
- Use probability data: False

Executing inference for TRANSFORMER (use_prob: False)
Error occurred: Encoder.__init__() missing 1 required positional argument: 'dropout'
Program failed: Encoder.__init__() missing 1 required positional argument: 'dropout'
Configuration loaded successfully
Using config file: config/config.yaml
Random seed set to 42
User selections:
- Modes: ['train', 'inference']
- Models: ['TRANSFORMER']
- Use probability data: False

Executing train for TRANSFORMER (use_prob: False)
Starting training...
Training completed

Executing inference for TRANSFORMER (use_prob: False)
Starting inference...
Error occurred: Inference.save_weights() missing 2 required positional arguments: 'date_index' and 'tickers'
Program failed: Inference.save_weights() missing 2 required positional arguments: 'date_index' and 'tickers'
Configuration loaded successfully
Using config file: config/config.yaml
Random seed set to 42
User selections:
- Modes: ['inference']
- Models: ['TRANSFORMER']
- Use probability data: False

Executing inference for TRANSFORMER (use_prob: False)
Starting inference...
Inference completed
Configuration loaded successfully
Using config file: config/config.yaml
Random seed set to 42
User selections:
- Modes: ['inference']
- Models: ['TRANSFORMER']
- Use probability data: False

Executing inference for TRANSFORMER (use_prob: False)
Starting inference...
Error occurred: Inference.save_weights() missing 2 required positional arguments: 'date_index' and 'tickers'
Program failed: Inference.save_weights() missing 2 required positional arguments: 'date_index' and 'tickers'
Configuration loaded successfully
Using config file: config/config.yaml
Random seed set to 42
User selections:
- Modes: ['inference']
- Models: ['GRU']
- Use probability data: False

Executing inference for GRU (use_prob: False)
Starting inference...
Error occurred: Inference.save_weights() missing 2 required positional arguments: 'date_index' and 'tickers'
Program failed: Inference.save_weights() missing 2 required positional arguments: 'date_index' and 'tickers'
Configuration loaded successfully
Using config file: config/config.yaml
Random seed set to 42
User selections:
- Modes: ['inference']
- Models: ['TRANSFORMER']
- Use probability data: True

Executing inference for TRANSFORMER (use_prob: True)
Starting inference...
Inference completed
Configuration loaded successfully
Using config file: config/config.yaml
Random seed set to 42
User selections:
- Modes: ['inference']
- Models: ['GRU']
- Use probability data: True

Executing inference for GRU (use_prob: True)
Starting inference...
Inference completed
Configuration loaded successfully
Using config file: config/config.yaml
Random seed set to 42
User selections:
- Modes: ['inference']
- Models: ['TRANSFORMER']
- Use probability data: False

Executing inference for TRANSFORMER (use_prob: False)
Error occurred: Error(s) in loading state_dict for Transformer:
	Unexpected key(s) in state_dict: "encoder.pe.pe". 
	size mismatch for attention.weight: copying a param with shape torch.Size([370, 740]) from checkpoint, the shape in current model is torch.Size([370, 370]).
	size mismatch for out.weight: copying a param with shape torch.Size([370, 740]) from checkpoint, the shape in current model is torch.Size([370, 370]).
Program failed: Error(s) in loading state_dict for Transformer:
	Unexpected key(s) in state_dict: "encoder.pe.pe". 
	size mismatch for attention.weight: copying a param with shape torch.Size([370, 740]) from checkpoint, the shape in current model is torch.Size([370, 370]).
	size mismatch for out.weight: copying a param with shape torch.Size([370, 740]) from checkpoint, the shape in current model is torch.Size([370, 370]).
Configuration loaded successfully
Using config file: config/config.yaml
Random seed set to 42
User selections:
- Modes: ['inference']
- Models: ['TRANSFORMER']
- Use probability data: False

Executing inference for TRANSFORMER (use_prob: False)
Starting inference...
Inference completed
Configuration loaded successfully
Using config file: config/config.yaml
Random seed set to 42
User selections:
- Modes: ['inference']
- Models: ['TRANSFORMER']
- Use probability data: False

Executing inference for TRANSFORMER (use_prob: False)
Starting inference...
Inference completed
Configuration loaded successfully
Using config file: config/config.yaml
Random seed set to 42
User selections:
- Modes: ['inference']
- Models: ['TRANSFORMER']
- Use probability data: False

Executing inference for TRANSFORMER (use_prob: False)
Starting inference...
Inference completed
Configuration loaded successfully
Using config file: config/config.yaml
Random seed set to 42
User selections:
- Modes: ['inference']
- Models: ['TRANSFORMER']
- Use probability data: False

Executing inference for TRANSFORMER (use_prob: False)
Error occurred: Encoder.__init__() takes 5 positional arguments but 6 were given
Program failed: Encoder.__init__() takes 5 positional arguments but 6 were given
Configuration loaded successfully
Using config file: config/config.yaml
Random seed set to 42
User selections:
- Modes: ['inference']
- Models: ['TRANSFORMER']
- Use probability data: True

Executing inference for TRANSFORMER (use_prob: True)
Error occurred: Encoder.__init__() takes 5 positional arguments but 6 were given
Program failed: Encoder.__init__() takes 5 positional arguments but 6 were given
Configuration loaded successfully
Using config file: config/config.yaml
Random seed set to 42
User selections:
- Modes: ['inference']
- Models: ['TRANSFORMER']
- Use probability data: False

Executing inference for TRANSFORMER (use_prob: False)
Starting inference...
Inference completed
Configuration loaded successfully
Using config file: config/config.yaml
Random seed set to 42
User selections:
- Modes: ['train']
- Models: ['TRANSFORMER']
- Use probability data: False

Executing train for TRANSFORMER (use_prob: False)
Error occurred: Error(s) in loading state_dict for Transformer:
	Missing key(s) in state_dict: "encoder.pe.pe". 
	Unexpected key(s) in state_dict: "attention.weight", "attention.bias". 
Program failed: Error(s) in loading state_dict for Transformer:
	Missing key(s) in state_dict: "encoder.pe.pe". 
	Unexpected key(s) in state_dict: "attention.weight", "attention.bias". 
Configuration loaded successfully
Using config file: config/config.yaml
Random seed set to 42
User selections:
- Modes: ['train', 'inference']
- Models: ['TRANSFORMER']
- Use probability data: False

Executing train for TRANSFORMER (use_prob: False)
Starting training...
Error occurred: Boolean value of Tensor with more than one value is ambiguous
Program failed: Boolean value of Tensor with more than one value is ambiguous
Configuration loaded successfully
Using config file: config/config.yaml
Random seed set to 42
User selections:
- Modes: ['train', 'inference']
- Models: ['TRANSFORMER']
- Use probability data: False

Executing train for TRANSFORMER (use_prob: False)
Starting training...
Configuration loaded successfully
Using config file: config/config.yaml
Random seed set to 42
User selections:
- Modes: ['train']
- Models: ['TRANSFORMER']
- Use probability data: False

Executing train for TRANSFORMER (use_prob: False)
Starting training...
Configuration loaded successfully
Using config file: config/config.yaml
Random seed set to 42
User selections:
- Modes: ['inference']
- Models: ['TRANSFORMER']
- Use probability data: False

Executing inference for TRANSFORMER (use_prob: False)
Starting inference...
Inference completed
Configuration loaded successfully
Using config file: config/config.yaml
Random seed set to 42
User selections:
- Modes: ['inference']
- Models: ['TRANSFORMER']
- Use probability data: False

Executing inference for TRANSFORMER (use_prob: False)
Starting inference...
Inference completed
Configuration loaded successfully
Using config file: config/config.yaml
Random seed set to 42
User selections:
- Modes: ['inference']
- Models: ['TRANSFORMER']
- Use probability data: False

Executing inference for TRANSFORMER (use_prob: False)
Starting inference...
Inference completed
Configuration loaded successfully
Using config file: config/config.yaml
Random seed set to 42
User selections:
- Modes: ['inference']
- Models: ['TRANSFORMER']
- Use probability data: False

Executing inference for TRANSFORMER (use_prob: False)
Starting inference...
Inference completed
Configuration loaded successfully
Using config file: config/config.yaml
Random seed set to 42
User selections:
- Modes: ['inference']
- Models: ['TRANSFORMER']
- Use probability data: False

Executing inference for TRANSFORMER (use_prob: False)
Starting inference...
Inference completed
Configuration loaded successfully
Using config file: config/config.yaml
Random seed set to 42
User selections:
- Modes: ['inference']
- Models: ['TRANSFORMER']
- Use probability data: False

Executing inference for TRANSFORMER (use_prob: False)
Starting inference...
Inference completed
Configuration loaded successfully
Using config file: config/config.yaml
Random seed set to 42
User selections:
- Modes: ['train']
- Models: ['TRANSFORMER']
- Use probability data: False

Executing train for TRANSFORMER (use_prob: False)
Starting training...
Configuration loaded successfully
Using config file: config/config.yaml
Random seed set to 42
User selections:
- Modes: ['inference']
- Models: ['TRANSFORMER']
- Use probability data: False

Executing inference for TRANSFORMER (use_prob: False)
Starting inference...
Error occurred: Model is not properly loaded
Program failed: Model is not properly loaded
Configuration loaded successfully
Using config file: config/config.yaml
Random seed set to 42
User selections:
- Modes: ['inference']
- Models: ['TRANSFORMER']
- Use probability data: False

Executing inference for TRANSFORMER (use_prob: False)
Starting inference...
Error occurred: Model is not properly loaded
Program failed: Model is not properly loaded
Configuration loaded successfully
Using config file: config/config.yaml
Random seed set to 42
User selections:
- Modes: ['inference']
- Models: ['TRANSFORMER']
- Use probability data: False

Executing inference for TRANSFORMER (use_prob: False)
Starting inference...
Error occurred: Model is not properly loaded
Program failed: Model is not properly loaded
Configuration loaded successfully
Using config file: config/config.yaml
Random seed set to 42
User selections:
- Modes: ['train', 'inference']
- Models: ['GRU', 'TCN']
- Dataset: 2D_week_20D_20P (Type: 2D, Period: week, Window: 20, Prediction: 20)
- Use probability data: True

Executing train for GRU
Dataset: dataset_2D_week_20D_20P.pkl
Use probability: True
Error occurred: [Errno 2] No such file or directory: 'data/dataset.pkl'
Program failed: [Errno 2] No such file or directory: 'data/dataset.pkl'
Configuration loaded successfully
Using config file: config/config.yaml
Random seed set to 42
User selections:
- Modes: ['train', 'inference']
- Models: ['GRU']
- Dataset: 2D_week_20D_20P (Type: 2D, Period: week, Window: 20, Prediction: 20)
- Use probability data: False

Executing train for GRU
Dataset: dataset_2D_week_20D_20P.pkl
Use probability: False
Starting training...
Configuration loaded successfully
Using config file: config/config.yaml
Random seed set to 42
User selections:
- Modes: ['train', 'inference']
- Models: ['GRU']
- Dataset: 2D_month_20D_20P (Type: 2D, Period: month, Window: 20, Prediction: 20)
- Use probability data: False

Executing train for GRU
Dataset: dataset_2D_month_20D_20P.pkl
Use probability: False
Starting training...
Training completed

Executing inference for GRU
Dataset: dataset_2D_month_20D_20P.pkl
Use probability: False
Starting inference...
Error occurred: Model is not properly loaded
Program failed: Model is not properly loaded
Configuration loaded successfully
Using config file: config/config.yaml
Random seed set to 42
User selections:
- Modes: ['inference']
- Models: ['GRU']
- Dataset: 2D_month_20D_20P (Type: 2D, Period: month, Window: 20, Prediction: 20)
- Use probability data: False

Executing inference for GRU
Dataset: dataset_2D_month_20D_20P.pkl
Use probability: False
Error occurred: 'Inference' object has no attribute 'set_data'
Program failed: 'Inference' object has no attribute 'set_data'
Configuration loaded successfully
Using config file: config/config.yaml
Random seed set to 42
User selections:
- Modes: ['inference']
- Models: ['GRU']
- Dataset: 2D_month_20D_20P (Type: 2D, Period: month, Window: 20, Prediction: 20)
- Use probability data: False

Executing inference for GRU
Dataset: dataset_2D_month_20D_20P.pkl
Use probability: False
Starting inference...
Inference completed
Configuration loaded successfully
Using config file: config/config.yaml
Random seed set to 42
User selections:
- Modes: ['inference']
- Models: ['GRU']
- Dataset: 2D_month_20D_20P (Type: 2D, Period: month, Window: 20, Prediction: 20)
- Use probability data: False

Executing inference for GRU
Dataset: dataset_2D_month_20D_20P.pkl
Use probability: False
Starting inference...
Inference completed
Configuration loaded successfully
Using config file: config/config.yaml
Random seed set to 42
User selections:
- Modes: ['train']
- Models: ['GRU']
- Dataset: default
- Use probability data: False
Error occurred: 'model_type'
Program failed: 'model_type'
Configuration loaded successfully
Using config file: config/config.yaml
Random seed set to 42
User selections:
- Modes: ['train']
- Models: ['GRU']
- Dataset: default
- Use probability data: False

Executing train for GRU
Dataset: dataset.pkl
Use probability: False
Error occurred: 'N_SELECT'
Program failed: 'N_SELECT'
Configuration loaded successfully
Using config file: config/config.yaml
Random seed set to 42
User selections:
- Modes: ['train']
- Models: ['GRU']
- Dataset: default
- Use probability data: False

Executing train for GRU
Dataset: dataset.pkl
Use probability: False
Error occurred: 'N_SELECT'
Program failed: 'N_SELECT'
Configuration loaded successfully
Using config file: config/config.yaml
Random seed set to 42
User selections:
- Modes: ['train']
- Models: ['GRU']
- Dataset: default
- Use probability data: False

Executing train for GRU
Dataset: dataset.pkl
Use probability: False
Error occurred: Error(s) in loading state_dict for GRU:
	Missing key(s) in state_dict: "fc.weight", "fc.bias". 
	Unexpected key(s) in state_dict: "selection_layer.weight", "selection_layer.bias", "weight_layer.weight", "weight_layer.bias". 
	size mismatch for gru.weight_ih_l0: copying a param with shape torch.Size([384, 370]) from checkpoint, the shape in current model is torch.Size([384, 100]).
Program failed: Error(s) in loading state_dict for GRU:
	Missing key(s) in state_dict: "fc.weight", "fc.bias". 
	Unexpected key(s) in state_dict: "selection_layer.weight", "selection_layer.bias", "weight_layer.weight", "weight_layer.bias". 
	size mismatch for gru.weight_ih_l0: copying a param with shape torch.Size([384, 370]) from checkpoint, the shape in current model is torch.Size([384, 100]).
Configuration loaded successfully
Using config file: config/config.yaml
Random seed set to 42
User selections:
- Modes: ['train']
- Models: ['GRU']
- Dataset: default
- Use probability data: False

Executing train for GRU
Dataset: dataset.pkl
Use probability: False
Starting training...
Error occurred: GRU.forward() takes 2 positional arguments but 3 were given
Program failed: GRU.forward() takes 2 positional arguments but 3 were given
Configuration loaded successfully
Using config file: config/config.yaml
Random seed set to 42
User selections:
- Modes: ['train']
- Models: ['GRU']
- Dataset: default
- Use probability data: False

Executing train for GRU
Dataset: dataset.pkl
Use probability: False
Starting training...
Error occurred: GRU.forward() takes 2 positional arguments but 3 were given
Program failed: GRU.forward() takes 2 positional arguments but 3 were given
Configuration loaded successfully
Using config file: config/config.yaml
Random seed set to 42
User selections:
- Modes: ['train']
- Models: ['GRU']
- Dataset: default
- Use probability data: False

Executing train for GRU
Dataset: dataset.pkl
Use probability: False
Starting training...
Error occurred: 'N_SELECT'
Program failed: 'N_SELECT'
Configuration loaded successfully
Using config file: config/config.yaml
Random seed set to 42
User selections:
- Modes: ['train']
- Models: ['GRU']
- Dataset: default
- Use probability data: False

Executing train for GRU
Dataset: dataset.pkl
Use probability: False
Starting training...
Training completed
Configuration loaded successfully
Using config file: config/config.yaml
Random seed set to 42
User selections:
- Modes: ['inference']
- Models: ['GRU']
- Dataset: default
- Use probability data: False

Executing inference for GRU
Dataset: dataset.pkl
Use probability: False
Error occurred: invalid literal for int() with base 10: 'loss'
Program failed: invalid literal for int() with base 10: 'loss'
Configuration loaded successfully
Using config file: config/config.yaml
Random seed set to 42
User selections:
- Modes: ['inference']
- Models: ['GRU']
- Dataset: default
- Use probability data: False

Executing inference for GRU
Dataset: dataset.pkl
Use probability: False
Error occurred: Error(s) in loading state_dict for GRU:
	Unexpected key(s) in state_dict: "attention.weight", "attention.bias", "prob_encoder.0.weight", "prob_encoder.0.bias". 
	size mismatch for gru.weight_ih_l0: copying a param with shape torch.Size([384, 370]) from checkpoint, the shape in current model is torch.Size([384, 100]).
	size mismatch for fc.weight: copying a param with shape torch.Size([370, 256]) from checkpoint, the shape in current model is torch.Size([100, 128]).
	size mismatch for fc.bias: copying a param with shape torch.Size([370]) from checkpoint, the shape in current model is torch.Size([100]).
Program failed: Error(s) in loading state_dict for GRU:
	Unexpected key(s) in state_dict: "attention.weight", "attention.bias", "prob_encoder.0.weight", "prob_encoder.0.bias". 
	size mismatch for gru.weight_ih_l0: copying a param with shape torch.Size([384, 370]) from checkpoint, the shape in current model is torch.Size([384, 100]).
	size mismatch for fc.weight: copying a param with shape torch.Size([370, 256]) from checkpoint, the shape in current model is torch.Size([100, 128]).
	size mismatch for fc.bias: copying a param with shape torch.Size([370]) from checkpoint, the shape in current model is torch.Size([100]).
Configuration loaded successfully
Using config file: config/config.yaml
Random seed set to 42
User selections:
- Modes: ['inference']
- Models: ['GRU']
- Dataset: default
- Use probability data: False

Executing inference for GRU
Dataset: dataset.pkl
Use probability: False
Error occurred: Error(s) in loading state_dict for GRU:
	Unexpected key(s) in state_dict: "attention.weight", "attention.bias", "prob_encoder.0.weight", "prob_encoder.0.bias". 
	size mismatch for gru.weight_ih_l0: copying a param with shape torch.Size([384, 370]) from checkpoint, the shape in current model is torch.Size([384, 100]).
	size mismatch for fc.weight: copying a param with shape torch.Size([370, 256]) from checkpoint, the shape in current model is torch.Size([100, 128]).
	size mismatch for fc.bias: copying a param with shape torch.Size([370]) from checkpoint, the shape in current model is torch.Size([100]).
Program failed: Error(s) in loading state_dict for GRU:
	Unexpected key(s) in state_dict: "attention.weight", "attention.bias", "prob_encoder.0.weight", "prob_encoder.0.bias". 
	size mismatch for gru.weight_ih_l0: copying a param with shape torch.Size([384, 370]) from checkpoint, the shape in current model is torch.Size([384, 100]).
	size mismatch for fc.weight: copying a param with shape torch.Size([370, 256]) from checkpoint, the shape in current model is torch.Size([100, 128]).
	size mismatch for fc.bias: copying a param with shape torch.Size([370]) from checkpoint, the shape in current model is torch.Size([100]).
Configuration loaded successfully
Using config file: config/config.yaml
Random seed set to 42
User selections:
- Modes: ['inference']
- Models: ['GRU']
- Dataset: default
- Use probability data: False

Executing inference for GRU
Dataset: dataset.pkl
Use probability: False
Error occurred: Error(s) in loading state_dict for GRU:
	Unexpected key(s) in state_dict: "attention.weight", "attention.bias", "prob_encoder.0.weight", "prob_encoder.0.bias". 
	size mismatch for gru.weight_ih_l0: copying a param with shape torch.Size([384, 370]) from checkpoint, the shape in current model is torch.Size([384, 100]).
	size mismatch for fc.weight: copying a param with shape torch.Size([370, 256]) from checkpoint, the shape in current model is torch.Size([100, 128]).
	size mismatch for fc.bias: copying a param with shape torch.Size([370]) from checkpoint, the shape in current model is torch.Size([100]).
Program failed: Error(s) in loading state_dict for GRU:
	Unexpected key(s) in state_dict: "attention.weight", "attention.bias", "prob_encoder.0.weight", "prob_encoder.0.bias". 
	size mismatch for gru.weight_ih_l0: copying a param with shape torch.Size([384, 370]) from checkpoint, the shape in current model is torch.Size([384, 100]).
	size mismatch for fc.weight: copying a param with shape torch.Size([370, 256]) from checkpoint, the shape in current model is torch.Size([100, 128]).
	size mismatch for fc.bias: copying a param with shape torch.Size([370]) from checkpoint, the shape in current model is torch.Size([100]).
Configuration loaded successfully
Using config file: config/config.yaml
Random seed set to 42
User selections:
- Modes: ['inference']
- Models: ['GRU']
- Dataset: default
- Use probability data: False

Executing inference for GRU
Dataset: dataset.pkl
Use probability: False
Starting inference...
Inference completed
Configuration loaded successfully
Using config file: config/config.yaml
Random seed set to 42
User selections:
- Modes: ['train']
- Models: ['GRU']
- Dataset: default
- Use probability data: False

Executing train for GRU
Dataset: dataset.pkl
Use probability: False
Starting training...
Configuration loaded successfully
Using config file: config/config.yaml
Random seed set to 42
User selections:
- Modes: ['train']
- Models: ['GRU']
- Dataset: default
- Use probability data: False

Executing train for GRU
Dataset: dataset.pkl
Use probability: False
Starting training...
Training completed
Configuration loaded successfully
Using config file: config/config.yaml
Random seed set to 42
User selections:
- Modes: ['inference']
- Models: ['GRU']
- Dataset: default
- Use probability data: False

Executing inference for GRU
Dataset: dataset.pkl
Use probability: False
Starting inference...
Inference completed
