Configuration: {'START': '2001-01-01', 'END': '2024-08-01', 'LEN_DATA': 5000, 'N_STOCK': 313, 'N_SELECT': 50, 'TRAIN_LEN': 60, 'PRED_LEN': 20, 'TRAIN_START_DATE': '2001-01-01', 'TRAIN_END_DATE': '2017-12-31', 'TRAIN_RATIO': 0.7, 'VALIDATION_RATIO': 0.3, 'TEST_START_DATE': '2018-01-01', 'TEST_END_DATE': '2024-08-01', 'RESULT_DIR': 'Result', 'MODEL': 'TCN', 'BATCH': 128, 'EPOCHS': 500, 'EARLY_STOP': 50, 'LR': 0.001, 'MOMENTUM': 0.9, 'USE_CUDA': True, 'SEED': 42, 'LB': 0, 'UB': 0.5, 'LOSS_FUNCTION': 'max_sharpe', 'N_LAYER': 1, 'HIDDEN_DIM': 128, 'N_HEAD': 10, 'N_FEAT': 313, 'DROPOUT': 0.3, 'BIDIRECTIONAL': False, 'TCN': {'n_timestep': 60, 'n_output': 313, 'kernel_size': 4, 'n_dropout': 0.1, 'hidden_size': 64, 'level': 3}, 'TRANSFORMER': {'n_timestep': 60, 'n_output': 313, 'n_layer': 6, 'n_head': 5, 'n_dropout': 0.1}}
Model Path: Result/TCN
Loading model: False_TCN_50_0_loss_200.0000.pth
Loading test data...
Test data loaded: 1577 samples
Loaded 313 tickers
Created date index with 1577 dates
Weights array shape: (1577, 313)
Expected shape: (1577, 313)
Weights saved to Result/TCN/weights_False_TCN_n50_t60_p20_loss200.0000.csv
Model parameters:
- Use prob: False
- Model: TCN
- N_select: 50
- Train length: 60
- Pred length: 20
- Model loss: 200.0000
Configuration: {'START': '2001-01-01', 'END': '2024-08-01', 'LEN_DATA': 5000, 'N_STOCK': 313, 'N_SELECT': 50, 'TRAIN_LEN': 60, 'PRED_LEN': 20, 'TRAIN_START_DATE': '2001-01-01', 'TRAIN_END_DATE': '2017-12-31', 'TRAIN_RATIO': 0.7, 'VALIDATION_RATIO': 0.3, 'TEST_START_DATE': '2018-01-01', 'TEST_END_DATE': '2024-08-01', 'RESULT_DIR': 'Result', 'MODEL': 'TCN', 'BATCH': 128, 'EPOCHS': 500, 'EARLY_STOP': 50, 'LR': 0.001, 'MOMENTUM': 0.9, 'USE_CUDA': True, 'SEED': 42, 'LB': 0, 'UB': 0.5, 'LOSS_FUNCTION': 'max_sharpe', 'N_LAYER': 1, 'HIDDEN_DIM': 128, 'N_HEAD': 10, 'N_FEAT': 313, 'DROPOUT': 0.3, 'BIDIRECTIONAL': False, 'TCN': {'n_timestep': 60, 'n_output': 313, 'kernel_size': 4, 'n_dropout': 0.1, 'hidden_size': 64, 'level': 3, 'channels': [64, 64, 64]}, 'TRANSFORMER': {'n_timestep': 60, 'n_output': 313, 'n_layer': 6, 'n_head': 5, 'n_dropout': 0.1}}
Model Path: Result/TCN
Loading model: False_TCN_50_2_loss_-0.2928.pth
Loading test data...
Test data loaded: 1577 samples
Loaded 313 tickers
Created date index with 1577 dates
Weights array shape: (1577, 313)
Expected shape: (1577, 313)
Weights saved to Result/TCN/weights_False_TCN_n50_t60_p20_loss-0.2887.csv
Model parameters:
- Use prob: False
- Model: TCN
- N_select: 50
- Train length: 60
- Pred length: 20
- Model loss: -0.2887
Configuration: {'START': '2001-01-01', 'END': '2024-08-01', 'LEN_DATA': 5000, 'N_STOCK': 313, 'N_SELECT': 50, 'TRAIN_LEN': 60, 'PRED_LEN': 20, 'TRAIN_START_DATE': '2001-01-01', 'TRAIN_END_DATE': '2017-12-31', 'TRAIN_RATIO': 0.7, 'VALIDATION_RATIO': 0.3, 'TEST_START_DATE': '2018-01-01', 'TEST_END_DATE': '2024-08-01', 'RESULT_DIR': 'Result', 'MODEL': 'TCN', 'BATCH': 128, 'EPOCHS': 500, 'EARLY_STOP': 50, 'LR': 0.001, 'MOMENTUM': 0.9, 'USE_CUDA': True, 'SEED': 42, 'LB': 0, 'UB': 0.5, 'LOSS_FUNCTION': 'max_sharpe', 'N_LAYER': 1, 'HIDDEN_DIM': 128, 'N_HEAD': 10, 'N_FEAT': 313, 'DROPOUT': 0.3, 'BIDIRECTIONAL': False, 'TCN': {'n_timestep': 60, 'n_output': 313, 'kernel_size': 4, 'n_dropout': 0.1, 'hidden_size': 64, 'level': 3, 'channels': [64, 64, 64]}, 'TRANSFORMER': {'n_timestep': 60, 'n_output': 313, 'n_layer': 6, 'n_head': 5, 'n_dropout': 0.1}}
Model Path: Result/TCN
Loading model: True_TCN_50_96_loss_-0.3787.pth
Configuration: {'START': '2001-01-01', 'END': '2024-08-01', 'LEN_DATA': 5000, 'N_STOCK': 313, 'N_SELECT': 50, 'TRAIN_LEN': 60, 'PRED_LEN': 20, 'TRAIN_START_DATE': '2001-01-01', 'TRAIN_END_DATE': '2017-12-31', 'TRAIN_RATIO': 0.7, 'VALIDATION_RATIO': 0.3, 'TEST_START_DATE': '2018-01-01', 'TEST_END_DATE': '2024-08-01', 'RESULT_DIR': 'Result', 'MODEL': 'TCN', 'BATCH': 128, 'EPOCHS': 500, 'EARLY_STOP': 50, 'LR': 0.001, 'MOMENTUM': 0.9, 'USE_CUDA': True, 'SEED': 42, 'LB': 0, 'UB': 0.5, 'LOSS_FUNCTION': 'max_sharpe', 'N_LAYER': 1, 'HIDDEN_DIM': 128, 'N_HEAD': 10, 'N_FEAT': 313, 'DROPOUT': 0.3, 'BIDIRECTIONAL': False, 'TCN': {'n_timestep': 60, 'n_output': 313, 'kernel_size': 4, 'n_dropout': 0.1, 'hidden_size': 64, 'level': 3, 'channels': [64, 64, 64]}, 'TRANSFORMER': {'n_timestep': 60, 'n_output': 313, 'n_layer': 6, 'n_head': 5, 'n_dropout': 0.1}}
Model Path: Result/TCN
Loading model: True_TCN_50_96_loss_-0.3787.pth
Loading test data...
Test data loaded: 1577 samples
Loaded 313 tickers
Created date index with 1577 dates
Weights array shape: (1577, 313)
Expected shape: (1577, 313)
Weights saved to Result/TCN/weights_True_TCN_n50_t60_p20_loss-0.3761.csv
Model parameters:
- Use prob: True
- Model: TCN
- N_select: 50
- Train length: 60
- Pred length: 20
- Model loss: -0.3761
