2024-10-15 08:03:04,180 - INFO - 데이터셋 검증:
2024-10-15 08:03:04,180 - INFO - Train images shape: (3933, 60, 0)
2024-10-15 08:03:04,180 - INFO - Train labels shape: (3933, 20, 0)
2024-10-15 08:03:04,180 - INFO - Validation images shape: (160, 60, 0)
2024-10-15 08:03:04,180 - INFO - Validation labels shape: (160, 20, 0)
2024-10-15 08:03:04,180 - INFO - Test images shape: (1585, 60, 0)
2024-10-15 08:03:04,181 - INFO - Test labels shape: (1585, 20, 0)
2024-10-15 08:03:04,181 - INFO - Train times length: 3933, Train times last: 2016-12-12 00:00:00
2024-10-15 08:03:04,181 - INFO - Validation times length: 160, Validation times last: 2017-12-12 00:00:00
2024-10-15 08:03:04,181 - INFO - Test times length: 1585, Test times last: 2024-08-13 00:00:00
2024-10-15 08:03:42,083 - INFO - 데이터셋 검증:
2024-10-15 08:03:42,083 - INFO - Train images shape: (3933, 60, 0)
2024-10-15 08:03:42,083 - INFO - Train labels shape: (3933, 20, 0)
2024-10-15 08:03:42,083 - INFO - Validation images shape: (160, 60, 0)
2024-10-15 08:03:42,083 - INFO - Validation labels shape: (160, 20, 0)
2024-10-15 08:03:42,083 - INFO - Test images shape: (1585, 60, 0)
2024-10-15 08:03:42,083 - INFO - Test labels shape: (1585, 20, 0)
2024-10-15 08:03:42,083 - INFO - Train times length: 3933, Train times last: 2016-12-12 00:00:00
2024-10-15 08:03:42,083 - INFO - Validation times length: 160, Validation times last: 2017-12-12 00:00:00
2024-10-15 08:03:42,083 - INFO - Test times length: 1585, Test times last: 2024-08-13 00:00:00
2024-10-15 08:04:05,614 - INFO - 데이터셋 검증:
2024-10-15 08:04:05,615 - INFO - Train images shape: (3933, 60, 0)
2024-10-15 08:04:05,615 - INFO - Train labels shape: (3933, 20, 0)
2024-10-15 08:04:05,615 - INFO - Validation images shape: (160, 60, 0)
2024-10-15 08:04:05,615 - INFO - Validation labels shape: (160, 20, 0)
2024-10-15 08:04:05,615 - INFO - Test images shape: (1585, 60, 0)
2024-10-15 08:04:05,615 - INFO - Test labels shape: (1585, 20, 0)
2024-10-15 08:04:05,615 - INFO - Train times length: 3933, Train times last: 2016-12-12 00:00:00
2024-10-15 08:04:05,615 - INFO - Validation times length: 160, Validation times last: 2017-12-12 00:00:00
2024-10-15 08:04:05,615 - INFO - Test times length: 1585, Test times last: 2024-08-13 00:00:00
2024-10-15 08:04:05,641 - INFO - 데이터셋 생성 완료
2024-10-15 08:05:09,085 - INFO - 데이터셋 검증:
2024-10-15 08:05:09,086 - INFO - Train images shape: (3933, 60, 4586)
2024-10-15 08:05:09,086 - INFO - Train labels shape: (3933, 20, 4586)
2024-10-15 08:05:09,086 - INFO - Validation images shape: (160, 60, 4586)
2024-10-15 08:05:09,086 - INFO - Validation labels shape: (160, 20, 4586)
2024-10-15 08:05:09,086 - INFO - Test images shape: (1585, 60, 4586)
2024-10-15 08:05:09,086 - INFO - Test labels shape: (1585, 20, 4586)
2024-10-15 08:05:09,086 - INFO - Train times length: 3933, Train times last: 2016-12-12 00:00:00
2024-10-15 08:05:09,086 - INFO - Validation times length: 160, Validation times last: 2017-12-12 00:00:00
2024-10-15 08:05:09,086 - INFO - Test times length: 1585, Test times last: 2024-08-13 00:00:00
2024-10-15 08:05:54,770 - INFO - 데이터셋 검증:
2024-10-15 08:05:54,770 - INFO - Train images shape: (3933, 60, 4586)
2024-10-15 08:05:54,770 - INFO - Train labels shape: (3933, 20, 4586)
2024-10-15 08:05:54,770 - INFO - Validation images shape: (160, 60, 4586)
2024-10-15 08:05:54,770 - INFO - Validation labels shape: (160, 20, 4586)
2024-10-15 08:05:54,770 - INFO - Test images shape: (1585, 60, 4586)
2024-10-15 08:05:54,771 - INFO - Test labels shape: (1585, 20, 4586)
2024-10-15 08:05:54,771 - INFO - Train times length: 3933, Train times last: 2016-12-12 00:00:00
2024-10-15 08:05:54,771 - INFO - Validation times length: 160, Validation times last: 2017-12-12 00:00:00
2024-10-15 08:05:54,771 - INFO - Test times length: 1585, Test times last: 2024-08-13 00:00:00
